"Z:/Projects/Repos/TeamTeam/Unreal Project/LootingLooters/Content/AnimStarterPack/UE4_Mannequin/Mesh/UE4_Mannequin_Skeleton.uasset" 0
"Z:/Projects/Repos/TeamTeam/Unreal Project/LootingLooters/Content/AnimStarterPack/Aim_Space_Hip.uasset" 1
"Z:/Projects/Repos/TeamTeam/Unreal Project/LootingLooters/Content/AnimStarterPack/Aim_Space_Ironsights.uasset" 2
"Z:/Projects/Repos/TeamTeam/Unreal Project/LootingLooters/Content/AnimStarterPack/Crouch_to_Stand_Rifle_Hip.uasset" 3
"Z:/Projects/Repos/TeamTeam/Unreal Project/LootingLooters/Content/AnimStarterPack/Crouch_to_Stand_Rifle_Ironsights.uasset" 4
"Z:/Projects/Repos/TeamTeam/Unreal Project/LootingLooters/Content/AnimStarterPack/Crouch_Walk_Bwd_Rifle_Ironsights.uasset" 5
"Z:/Projects/Repos/TeamTeam/Unreal Project/LootingLooters/Content/AnimStarterPack/Crouch_Walk_Lt_Rifle_Ironsights.uasset" 6
"Z:/Projects/Repos/TeamTeam/Unreal Project/LootingLooters/Content/AnimStarterPack/Crouch_Walk_Rt_Rifle_Ironsights.uasset" 7
"Z:/Projects/Repos/TeamTeam/Unreal Project/LootingLooters/Content/AnimStarterPack/Death_1.uasset" 8
"Z:/Projects/Repos/TeamTeam/Unreal Project/LootingLooters/Content/AnimStarterPack/Death_2.uasset" 9
"Z:/Projects/Repos/TeamTeam/Unreal Project/LootingLooters/Content/AnimStarterPack/Death_3.uasset" 10
"Z:/Projects/Repos/TeamTeam/Unreal Project/LootingLooters/Content/AnimStarterPack/Death_Ironsights_1.uasset" 11
"Z:/Projects/Repos/TeamTeam/Unreal Project/LootingLooters/Content/AnimStarterPack/Death_Ironsights_2.uasset" 12
"Z:/Projects/Repos/TeamTeam/Unreal Project/LootingLooters/Content/AnimStarterPack/Equip_Rifle_Standing.uasset" 13
"Z:/Projects/Repos/TeamTeam/Unreal Project/LootingLooters/Content/AnimStarterPack/Fire_Rifle_Hip.uasset" 14
"Z:/Projects/Repos/TeamTeam/Unreal Project/LootingLooters/Content/AnimStarterPack/Fire_Shotgun_Hip.uasset" 15
"Z:/Projects/Repos/TeamTeam/Unreal Project/LootingLooters/Content/AnimStarterPack/Fire_Shotgun_Ironsights.uasset" 16
"Z:/Projects/Repos/TeamTeam/Unreal Project/LootingLooters/Content/AnimStarterPack/Hit_React_4.uasset" 17
"Z:/Projects/Repos/TeamTeam/Unreal Project/LootingLooters/Content/AnimStarterPack/Idle_Pistol.uasset" 18
"Z:/Projects/Repos/TeamTeam/Unreal Project/LootingLooters/Content/AnimStarterPack/Idle_Rifle_Ironsights.uasset" 19
"Z:/Projects/Repos/TeamTeam/Unreal Project/LootingLooters/Content/AnimStarterPack/Jump_From_Stand_Ironsights.uasset" 20
"Z:/Projects/Repos/TeamTeam/Unreal Project/LootingLooters/Content/AnimStarterPack/Prone_Death_1.uasset" 21
"Z:/Projects/Repos/TeamTeam/Unreal Project/LootingLooters/Content/AnimStarterPack/Prone_Death_2.uasset" 22
"Z:/Projects/Repos/TeamTeam/Unreal Project/LootingLooters/Content/AnimStarterPack/Prone_Fire_1.uasset" 23
"Z:/Projects/Repos/TeamTeam/Unreal Project/LootingLooters/Content/AnimStarterPack/Prone_Fire_2.uasset" 24
"Z:/Projects/Repos/TeamTeam/Unreal Project/LootingLooters/Content/AnimStarterPack/Prone_Idle.uasset" 25
"Z:/Projects/Repos/TeamTeam/Unreal Project/LootingLooters/Content/AnimStarterPack/Prone_Reload_Rifle.uasset" 26
"Z:/Projects/Repos/TeamTeam/Unreal Project/LootingLooters/Content/AnimStarterPack/Prone_Reload_Shotgun.uasset" 27
"Z:/Projects/Repos/TeamTeam/Unreal Project/LootingLooters/Content/AnimStarterPack/Prone_To_Stand.uasset" 28
"Z:/Projects/Repos/TeamTeam/Unreal Project/LootingLooters/Content/AnimStarterPack/Reload_Pistol.uasset" 29
"Z:/Projects/Repos/TeamTeam/Unreal Project/LootingLooters/Content/AnimStarterPack/Reload_Rifle_Ironsights.uasset" 30
"Z:/Projects/Repos/TeamTeam/Unreal Project/LootingLooters/Content/AnimStarterPack/Reload_Shotgun_Hip.uasset" 31
"Z:/Projects/Repos/TeamTeam/Unreal Project/LootingLooters/Content/AnimStarterPack/Reload_Shotgun_Ironsights.uasset" 32
"Z:/Projects/Repos/TeamTeam/Unreal Project/LootingLooters/Content/AnimStarterPack/Sprint_Fwd_Rifle.uasset" 33
"Z:/Projects/Repos/TeamTeam/Unreal Project/LootingLooters/Content/AnimStarterPack/Stand_to_Crouch_Rifle_Hip.uasset" 34
"Z:/Projects/Repos/TeamTeam/Unreal Project/LootingLooters/Content/AnimStarterPack/Stand_to_Crouch_Rifle_Ironsights.uasset" 35
"Z:/Projects/Repos/TeamTeam/Unreal Project/LootingLooters/Content/AnimStarterPack/Stand_To_Prone.uasset" 36
"Z:/Projects/Repos/TeamTeam/Unreal Project/LootingLooters/Content/AnimStarterPack/Walk_Bwd_Rifle_Ironsights.uasset" 37
"Z:/Projects/Repos/TeamTeam/Unreal Project/LootingLooters/Content/AnimStarterPack/Walk_Lt_Rifle_Ironsights.uasset" 38
"Z:/Projects/Repos/TeamTeam/Unreal Project/LootingLooters/Content/AnimStarterPack/Walk_Rt_Rifle_Ironsights.uasset" 39
"../../../Engine/Content/Functions/Engine_MaterialFunctions01/Opacity/CameraDepthFade.uasset" 40
"../../../Engine/Content/EngineMaterials/T_Default_Material_Grid_M.uasset" 41
"../../../Engine/Content/EngineMaterials/T_Default_Material_Grid_N.uasset" 42
"../../../Engine/Content/EngineMaterials/WorldGridMaterial.uasset" 43
"../../../Engine/Content/Functions/Engine_MaterialFunctions02/Utility/BlendAngleCorrectedNormals.uasset" 44
"../../../Engine/Content/Functions/MaterialLayerFunctions/MatLayerBlend_AO.uasset" 45
"../../../Engine/Content/Functions/MaterialLayerFunctions/MatLayerBlend_NormalBlend.uasset" 46
"../../../Engine/Content/Functions/MaterialLayerFunctions/MatLayerBlend_Simple.uasset" 47
"Z:/Projects/Repos/TeamTeam/Unreal Project/LootingLooters/Content/AnimStarterPack/UE4_Mannequin/Materials/MaterialLayers/T_ML_Rubber_Blue_01_D.uasset" 48
"Z:/Projects/Repos/TeamTeam/Unreal Project/LootingLooters/Content/AnimStarterPack/UE4_Mannequin/Materials/MaterialLayers/T_ML_Rubber_Blue_01_N.uasset" 49
"Z:/Projects/Repos/TeamTeam/Unreal Project/LootingLooters/Content/AnimStarterPack/UE4_Mannequin/Materials/MaterialLayers/ML_GlossyBlack_Latex_UE4.uasset" 50
"Z:/Projects/Repos/TeamTeam/Unreal Project/LootingLooters/Content/AnimStarterPack/UE4_Mannequin/Materials/MaterialLayers/ML_Plastic_Shiny_Beige.uasset" 51
"Z:/Projects/Repos/TeamTeam/Unreal Project/LootingLooters/Content/AnimStarterPack/UE4_Mannequin/Textures/UE4_LOGO_CARD.uasset" 52
"Z:/Projects/Repos/TeamTeam/Unreal Project/LootingLooters/Content/AnimStarterPack/UE4_Mannequin/Materials/MaterialLayers/ML_Plastic_Shiny_Beige_LOGO.uasset" 53
"Z:/Projects/Repos/TeamTeam/Unreal Project/LootingLooters/Content/AnimStarterPack/UE4_Mannequin/Materials/MaterialLayers/T_ML_Aluminum01.uasset" 54
"Z:/Projects/Repos/TeamTeam/Unreal Project/LootingLooters/Content/AnimStarterPack/UE4_Mannequin/Materials/MaterialLayers/T_ML_Aluminum01_N.uasset" 55
"Z:/Projects/Repos/TeamTeam/Unreal Project/LootingLooters/Content/AnimStarterPack/UE4_Mannequin/Materials/MaterialLayers/ML_SoftMetal_UE4.uasset" 56
"Z:/Projects/Repos/TeamTeam/Unreal Project/LootingLooters/Content/AnimStarterPack/UE4_Mannequin/Textures/UE4_Mannequin__normals.uasset" 57
"Z:/Projects/Repos/TeamTeam/Unreal Project/LootingLooters/Content/AnimStarterPack/UE4_Mannequin/Textures/UE4_Mannequin_MAT_MASKA.uasset" 58
"Z:/Projects/Repos/TeamTeam/Unreal Project/LootingLooters/Content/AnimStarterPack/UE4_Mannequin/Textures/UE4_Mannequin_occlusion_Mobile.uasset" 59
"Z:/Projects/Repos/TeamTeam/Unreal Project/LootingLooters/Content/AnimStarterPack/UE4_Mannequin/Materials/M_UE4Man_Body.uasset" 60
"Z:/Projects/Repos/TeamTeam/Unreal Project/LootingLooters/Content/AnimStarterPack/UE4_Mannequin/Textures/UE4Man_Logo_N.uasset" 61
"Z:/Projects/Repos/TeamTeam/Unreal Project/LootingLooters/Content/AnimStarterPack/UE4_Mannequin/Materials/M_UE4Man_ChestLogo.uasset" 62
"Z:/Projects/Repos/TeamTeam/Unreal Project/LootingLooters/Content/Assets/Destructible/StaticMesh.uasset" 63
"Z:/Projects/Repos/TeamTeam/Unreal Project/LootingLooters/Content/Assets/Destructible/StaticMesh_DM.uasset" 64
"Z:/Projects/Repos/TeamTeam/Unreal Project/LootingLooters/Content/Assets/Textures/LootParticleSprite.uasset" 65
"Z:/Projects/Repos/TeamTeam/Unreal Project/LootingLooters/Content/Assets/Materials/ParticleMat.uasset" 66
"Z:/Projects/Repos/TeamTeam/Unreal Project/LootingLooters/Content/Assets/ParticleSystem/LootParticle1.uasset" 67
"Z:/Projects/Repos/TeamTeam/Unreal Project/LootingLooters/Content/Assets/RandomCrap/Couch_Left.uasset" 68
"Z:/Projects/Repos/TeamTeam/Unreal Project/LootingLooters/Content/Assets/RandomCrap/Door1.uasset" 69
"Z:/Projects/Repos/TeamTeam/Unreal Project/LootingLooters/Content/Assets/RandomCrap/Door_Frame.uasset" 70
"Z:/Projects/Repos/TeamTeam/Unreal Project/LootingLooters/Content/Assets/RandomCrap/Doorknob.uasset" 71
"Z:/Projects/Repos/TeamTeam/Unreal Project/LootingLooters/Content/Assets/RandomCrap/Doorway_Black.uasset" 72
"Z:/Projects/Repos/TeamTeam/Unreal Project/LootingLooters/Content/Assets/RandomCrap/Door_PhysicsAsset.uasset" 73
"Z:/Projects/Repos/TeamTeam/Unreal Project/LootingLooters/Content/Assets/RandomCrap/Door_Skeleton.uasset" 74
"Z:/Projects/Repos/TeamTeam/Unreal Project/LootingLooters/Content/Assets/RandomCrap/Door.uasset" 75
"Z:/Projects/Repos/TeamTeam/Unreal Project/LootingLooters/Content/Assets/RandomCrap/Door_Animation.uasset" 76
"Z:/Projects/Repos/TeamTeam/Unreal Project/LootingLooters/Content/Assets/RandomCrap/Corners.uasset" 77
"Z:/Projects/Repos/TeamTeam/Unreal Project/LootingLooters/Content/Assets/Textures/brushed_metal.uasset" 78
"Z:/Projects/Repos/TeamTeam/Unreal Project/LootingLooters/Content/Assets/Textures/Normal_Brushed_Metal.uasset" 79
"Z:/Projects/Repos/TeamTeam/Unreal Project/LootingLooters/Content/Assets/RandomCrap/Sides.uasset" 80
"Z:/Projects/Repos/TeamTeam/Unreal Project/LootingLooters/Content/Assets/RandomCrap/Ground_Large_Tester_Object.uasset" 81
"Z:/Projects/Repos/TeamTeam/Unreal Project/LootingLooters/Content/Assets/RandomCrap/Ground_Medium_Tester_Object.uasset" 82
"Z:/Projects/Repos/TeamTeam/Unreal Project/LootingLooters/Content/Assets/RandomCrap/Ground_Small_Tester_Object.uasset" 83
"Z:/Projects/Repos/TeamTeam/Unreal Project/LootingLooters/Content/Assets/RandomCrap/Wall_Large_Tester_Object.uasset" 84
"Z:/Projects/Repos/TeamTeam/Unreal Project/LootingLooters/Content/Assets/RandomCrap/Wall_Medium_Tester_Object.uasset" 85
"Z:/Projects/Repos/TeamTeam/Unreal Project/LootingLooters/Content/Assets/RandomCrap/Wall_Small_Tester_Object.uasset" 86
"Z:/Projects/Repos/TeamTeam/Unreal Project/LootingLooters/Content/Assets/TrapMeshes/TRAP_Blinding.uasset" 87
"Z:/Projects/Repos/TeamTeam/Unreal Project/LootingLooters/Content/Assets/TrapMeshes/TRAP_Confusion.uasset" 88
"Z:/Projects/Repos/TeamTeam/Unreal Project/LootingLooters/Content/Blueprints/BP_MainPlayerCharacterController.uasset" 89
"Z:/Projects/Repos/TeamTeam/Unreal Project/LootingLooters/Content/AnimStarterPack/Crouch_Idle_Rifle_Hip.uasset" 90
"Z:/Projects/Repos/TeamTeam/Unreal Project/LootingLooters/Content/AnimStarterPack/Idle_Rifle_Hip.uasset" 91
"Z:/Projects/Repos/TeamTeam/Unreal Project/LootingLooters/Content/AnimStarterPack/Jump_From_Jog.uasset" 92
"Z:/Projects/Repos/TeamTeam/Unreal Project/LootingLooters/Content/AnimStarterPack/Jump_From_Stand.uasset" 93
"Z:/Projects/Repos/TeamTeam/Unreal Project/LootingLooters/Content/AnimStarterPack/Crouch_Walk_Bwd_Rifle_Hip.uasset" 94
"Z:/Projects/Repos/TeamTeam/Unreal Project/LootingLooters/Content/AnimStarterPack/Crouch_Walk_Fwd_Rifle_Hip.uasset" 95
"Z:/Projects/Repos/TeamTeam/Unreal Project/LootingLooters/Content/AnimStarterPack/Crouch_Walk_Lt_Rifle_Hip.uasset" 96
"Z:/Projects/Repos/TeamTeam/Unreal Project/LootingLooters/Content/AnimStarterPack/Crouch_Walk_Rt_Rifle_Hip.uasset" 97
"Z:/Projects/Repos/TeamTeam/Unreal Project/LootingLooters/Content/AnimStarterPack/BS_CrouchWalk.uasset" 98
"Z:/Projects/Repos/TeamTeam/Unreal Project/LootingLooters/Content/AnimStarterPack/Jog_Bwd_Rifle.uasset" 99
"Z:/Projects/Repos/TeamTeam/Unreal Project/LootingLooters/Content/AnimStarterPack/Jog_Fwd_Rifle.uasset" 100
"Z:/Projects/Repos/TeamTeam/Unreal Project/LootingLooters/Content/AnimStarterPack/Jog_Lt_Rifle.uasset" 101
"Z:/Projects/Repos/TeamTeam/Unreal Project/LootingLooters/Content/AnimStarterPack/Jog_Rt_Rifle.uasset" 102
"Z:/Projects/Repos/TeamTeam/Unreal Project/LootingLooters/Content/AnimStarterPack/BS_Jog.uasset" 103
"Z:/Projects/Repos/TeamTeam/Unreal Project/LootingLooters/Content/AnimStarterPack/UE4_Mannequin/Mesh/SK_Mannequin_PhysicsAsset.uasset" 104
"Z:/Projects/Repos/TeamTeam/Unreal Project/LootingLooters/Content/AnimStarterPack/UE4_Mannequin/Mesh/SK_Mannequin.uasset" 105
"Z:/Projects/Repos/TeamTeam/Unreal Project/LootingLooters/Content/AnimStarterPack/Ue4ASP_Character.uasset" 106
"Z:/Projects/Repos/TeamTeam/Unreal Project/LootingLooters/Content/AnimStarterPack/UE4ASP_HeroTPP_AnimBlueprint.uasset" 107
"Z:/Projects/Repos/TeamTeam/Unreal Project/LootingLooters/Content/Assets/TrapMeshes/TRAP_Slow.uasset" 108
"Z:/Projects/Repos/TeamTeam/Unreal Project/LootingLooters/Content/Blueprints/Traps/BP_SlowTrapActor.uasset" 109
"Z:/Projects/Repos/TeamTeam/Unreal Project/LootingLooters/Content/Assets/TrapMeshes/TRAP_Bear_Closed.uasset" 110
"Z:/Projects/Repos/TeamTeam/Unreal Project/LootingLooters/Content/Assets/TrapMeshes/TRAP_Bear_Open.uasset" 111
"Z:/Projects/Repos/TeamTeam/Unreal Project/LootingLooters/Content/Blueprints/Traps/BP_StopTrapActor.uasset" 112
"Z:/Projects/Repos/TeamTeam/Unreal Project/LootingLooters/Content/Blueprints/UI/BP_HUD.uasset" 113
"Z:/Projects/Repos/TeamTeam/Unreal Project/LootingLooters/Content/Blueprints/Characters/BP_PlayerCharacter.uasset" 114
"Z:/Projects/Repos/TeamTeam/Unreal Project/LootingLooters/Content/Blueprints/UI/BP_MainHUD.uasset" 115
"Z:/Projects/Repos/TeamTeam/Unreal Project/LootingLooters/Content/Blueprints/BP_DefaultGameMode.uasset" 116
"Z:/Projects/Repos/TeamTeam/Unreal Project/LootingLooters/Content/Assets/BuildingStructure/Door/Door.uasset" 117
"Z:/Projects/Repos/TeamTeam/Unreal Project/LootingLooters/Content/Assets/BuildingStructure/Door/Door_Frame.uasset" 118
"Z:/Projects/Repos/TeamTeam/Unreal Project/LootingLooters/Content/Assets/BuildingStructure/Door/Doorknob.uasset" 119
"Z:/Projects/Repos/TeamTeam/Unreal Project/LootingLooters/Content/Assets/BuildingStructure/Door/Doorway_Black.uasset" 120
"Z:/Projects/Repos/TeamTeam/Unreal Project/LootingLooters/Content/Assets/BuildingStructure/Door/ProperDoor.uasset" 121
"Z:/Projects/Repos/TeamTeam/Unreal Project/LootingLooters/Content/Blueprints/BP_DoorActor.uasset" 122
"Z:/Projects/Repos/TeamTeam/Unreal Project/LootingLooters/Content/Blueprints/BP_PlayerCharacterState.uasset" 123
"Z:/Projects/Repos/TeamTeam/Unreal Project/LootingLooters/Content/Assets/Sci-fi/01_-_Default.uasset" 124
"Z:/Projects/Repos/TeamTeam/Unreal Project/LootingLooters/Content/Assets/Sci-fi/Floor_Large_Bed_Sci-fi_1_Box024.uasset" 125
"Z:/Projects/Repos/TeamTeam/Unreal Project/LootingLooters/Content/Assets/Sci-fi/Floor_Large_Bed_Sci-fi_1_Box025.uasset" 126
"Z:/Projects/Repos/TeamTeam/Unreal Project/LootingLooters/Content/Blueprints/Furniture/Floor_Large_Bed_Sci-fi_1.uasset" 127
"Z:/Projects/Repos/TeamTeam/Unreal Project/LootingLooters/Content/Assets/Modern/Floor_Large_Carpet_Modern_1.uasset" 128
"Z:/Projects/Repos/TeamTeam/Unreal Project/LootingLooters/Content/Blueprints/Furniture/Floor_Large_Carpet_Modern_1.uasset" 129
"Z:/Projects/Repos/TeamTeam/Unreal Project/LootingLooters/Content/Assets/Modern/01_-_Default.uasset" 130
"Z:/Projects/Repos/TeamTeam/Unreal Project/LootingLooters/Content/Assets/Modern/Floor_Large_Carpet_Modern_2.uasset" 131
"Z:/Projects/Repos/TeamTeam/Unreal Project/LootingLooters/Content/Blueprints/Furniture/Floor_Large_Carpet_Modern_2.uasset" 132
"Z:/Projects/Repos/TeamTeam/Unreal Project/LootingLooters/Content/Assets/Modern/Floor_Large_Carpet_Modern_3.uasset" 133
"Z:/Projects/Repos/TeamTeam/Unreal Project/LootingLooters/Content/Blueprints/Furniture/Floor_Large_Carpet_Modern_3.uasset" 134
"Z:/Projects/Repos/TeamTeam/Unreal Project/LootingLooters/Content/Assets/Medieval/01_-_Default.uasset" 135
"Z:/Projects/Repos/TeamTeam/Unreal Project/LootingLooters/Content/Assets/Medieval/Floor_Large_Bed_Medieval_1.uasset" 136
"Z:/Projects/Repos/TeamTeam/Unreal Project/LootingLooters/Content/Blueprints/Furniture/Floor_Large_Object_Bed_Medieval_1.uasset" 137
"Z:/Projects/Repos/TeamTeam/Unreal Project/LootingLooters/Content/Assets/Medieval/Floor_Large_Bed_Medieval_2_blanket.uasset" 138
"Z:/Projects/Repos/TeamTeam/Unreal Project/LootingLooters/Content/Assets/Medieval/Floor_Large_Bed_Medieval_2_Box003.uasset" 139
"Z:/Projects/Repos/TeamTeam/Unreal Project/LootingLooters/Content/Assets/Medieval/Floor_Large_Bed_Medieval_2_Box004.uasset" 140
"Z:/Projects/Repos/TeamTeam/Unreal Project/LootingLooters/Content/Blueprints/Furniture/Floor_Large_Object_Bed_Medieval_2.uasset" 141
"Z:/Projects/Repos/TeamTeam/Unreal Project/LootingLooters/Content/Assets/Modern/Floor_Large_Bed_Modern_1_blanket002.uasset" 142
"Z:/Projects/Repos/TeamTeam/Unreal Project/LootingLooters/Content/Assets/Modern/Floor_Large_Bed_Modern_1_Box012.uasset" 143
"Z:/Projects/Repos/TeamTeam/Unreal Project/LootingLooters/Content/Assets/Modern/Floor_Large_Bed_Modern_1_Box013.uasset" 144
"Z:/Projects/Repos/TeamTeam/Unreal Project/LootingLooters/Content/Assets/Modern/Floor_Large_Bed_Modern_1_Box014.uasset" 145
"Z:/Projects/Repos/TeamTeam/Unreal Project/LootingLooters/Content/Assets/Modern/Floor_Large_Bed_Modern_1_Box015.uasset" 146
"Z:/Projects/Repos/TeamTeam/Unreal Project/LootingLooters/Content/Blueprints/Furniture/Floor_Large_Object_Bed_Modern_1.uasset" 147
"Z:/Projects/Repos/TeamTeam/Unreal Project/LootingLooters/Content/Assets/Sci-fi/WorldGridMaterial.uasset" 148
"Z:/Projects/Repos/TeamTeam/Unreal Project/LootingLooters/Content/Assets/Sci-fi/Floor_Large_Couch_Atomic_1.uasset" 149
"Z:/Projects/Repos/TeamTeam/Unreal Project/LootingLooters/Content/Blueprints/Furniture/Floor_Large_Object_Couch_Atomic_1.uasset" 150
"Z:/Projects/Repos/TeamTeam/Unreal Project/LootingLooters/Content/Assets/Sci-fi/Floor_Large_Couch_Atomic_2.uasset" 151
"Z:/Projects/Repos/TeamTeam/Unreal Project/LootingLooters/Content/Blueprints/Furniture/Floor_Large_Object_Couch_Atomic_2.uasset" 152
"Z:/Projects/Repos/TeamTeam/Unreal Project/LootingLooters/Content/Assets/Medieval/Floor_Large_TTable_Medieval_1_Box019.uasset" 153
"Z:/Projects/Repos/TeamTeam/Unreal Project/LootingLooters/Content/Assets/Medieval/Floor_Large_TTable_Medieval_1_Box020.uasset" 154
"Z:/Projects/Repos/TeamTeam/Unreal Project/LootingLooters/Content/Assets/Medieval/Floor_Large_TTable_Medieval_1_Cylinder006.uasset" 155
"Z:/Projects/Repos/TeamTeam/Unreal Project/LootingLooters/Content/Assets/Medieval/Floor_Large_TTable_Medieval_1_Cylinder007.uasset" 156
"Z:/Projects/Repos/TeamTeam/Unreal Project/LootingLooters/Content/Blueprints/Furniture/Floor_Large_Object_TTable_Medieval_1.uasset" 157
"Z:/Projects/Repos/TeamTeam/Unreal Project/LootingLooters/Content/Assets/Medieval/Floor_Medium_Chair_Medieval_1.uasset" 158
"Z:/Projects/Repos/TeamTeam/Unreal Project/LootingLooters/Content/Blueprints/Furniture/Floor_Medium_Object_Chair_Medieval_1.uasset" 159
"Z:/Projects/Repos/TeamTeam/Unreal Project/LootingLooters/Content/Assets/Medieval/Floor_Medium_Chair_Medieval_2.uasset" 160
"Z:/Projects/Repos/TeamTeam/Unreal Project/LootingLooters/Content/Blueprints/Furniture/Floor_Medium_Object_Chair_Medieval_2.uasset" 161
"Z:/Projects/Repos/TeamTeam/Unreal Project/LootingLooters/Content/Assets/Modern/Floor_Medium_Chair_Modern_1_Box018.uasset" 162
"Z:/Projects/Repos/TeamTeam/Unreal Project/LootingLooters/Content/Blueprints/Furniture/Floor_Medium_Object_Chair_Modern_1.uasset" 163
"Z:/Projects/Repos/TeamTeam/Unreal Project/LootingLooters/Content/Assets/Sci-fi/Floor_Medium_Couch_Atomic_1.uasset" 164
"Z:/Projects/Repos/TeamTeam/Unreal Project/LootingLooters/Content/Blueprints/Furniture/Floor_Medium_Object_Couch_Atomic_1.uasset" 165
"Z:/Projects/Repos/TeamTeam/Unreal Project/LootingLooters/Content/Assets/Sci-fi/Floor_Medium_Table_Atomic_1.uasset" 166
"Z:/Projects/Repos/TeamTeam/Unreal Project/LootingLooters/Content/Blueprints/Furniture/Floor_Medium_Object_Table_Atomic_1.uasset" 167
"Z:/Projects/Repos/TeamTeam/Unreal Project/LootingLooters/Content/Assets/Medieval/Floor_Medium_Table_Medieval_1.uasset" 168
"Z:/Projects/Repos/TeamTeam/Unreal Project/LootingLooters/Content/Blueprints/Furniture/Floor_Medium_Object_Table_Medieval_1.uasset" 169
"Z:/Projects/Repos/TeamTeam/Unreal Project/LootingLooters/Content/Assets/Modern/Floor_Medium_Table_Modern_1.uasset" 170
"Z:/Projects/Repos/TeamTeam/Unreal Project/LootingLooters/Content/Blueprints/Furniture/Floor_Medium_Object_Table_Modern_1.uasset" 171
"Z:/Projects/Repos/TeamTeam/Unreal Project/LootingLooters/Content/Assets/Sci-fi/Floor_Small_EndTable_Atomic_1.uasset" 172
"Z:/Projects/Repos/TeamTeam/Unreal Project/LootingLooters/Content/Blueprints/Furniture/Floor_Small_Object_EndTable_Atomic_1.uasset" 173
"Z:/Projects/Repos/TeamTeam/Unreal Project/LootingLooters/Content/Assets/Modern/Floor_Small_Garbage_Modern_2.uasset" 174
"Z:/Projects/Repos/TeamTeam/Unreal Project/LootingLooters/Content/Blueprints/Furniture/Floor_Small_Object_Garbage_Modern_1.uasset" 175
"Z:/Projects/Repos/TeamTeam/Unreal Project/LootingLooters/Content/Assets/Modern/Floor_Small_Garbage_Modern_1.uasset" 176
"Z:/Projects/Repos/TeamTeam/Unreal Project/LootingLooters/Content/Blueprints/Furniture/Floor_Small_Object_Garbage_Modern_2.uasset" 177
"Z:/Projects/Repos/TeamTeam/Unreal Project/LootingLooters/Content/Assets/Sci-fi/Floor_Small_TV_Atomic_1.uasset" 178
"Z:/Projects/Repos/TeamTeam/Unreal Project/LootingLooters/Content/Blueprints/Furniture/Floor_Small_Object_TV_Atomic_1.uasset" 179
"Z:/Projects/Repos/TeamTeam/Unreal Project/LootingLooters/Content/Assets/Modern/Floor_Small_TV_Modern_2.uasset" 180
"Z:/Projects/Repos/TeamTeam/Unreal Project/LootingLooters/Content/Blueprints/Furniture/Floor_Small_Object_TV_Modern_1.uasset" 181
"Z:/Projects/Repos/TeamTeam/Unreal Project/LootingLooters/Content/Assets/Modern/Wall_Medium_Deco_Modern_4.uasset" 182
"Z:/Projects/Repos/TeamTeam/Unreal Project/LootingLooters/Content/Blueprints/Furniture/Wall_Medium_Deco_Modern_4.uasset" 183
"Z:/Projects/Repos/TeamTeam/Unreal Project/LootingLooters/Content/Assets/Medieval/Material__102.uasset" 184
"Z:/Projects/Repos/TeamTeam/Unreal Project/LootingLooters/Content/Assets/Medieval/Wall_Medium_Deco_Medieval_1_Cylinder001.uasset" 185
"Z:/Projects/Repos/TeamTeam/Unreal Project/LootingLooters/Content/Assets/Medieval/Material__101.uasset" 186
"Z:/Projects/Repos/TeamTeam/Unreal Project/LootingLooters/Content/Assets/Medieval/Wall_Medium_Deco_Medieval_1_Longsword_blade001.uasset" 187
"Z:/Projects/Repos/TeamTeam/Unreal Project/LootingLooters/Content/Assets/Medieval/handle_texture.uasset" 188
"Z:/Projects/Repos/TeamTeam/Unreal Project/LootingLooters/Content/Assets/Medieval/Material__48.uasset" 189
"Z:/Projects/Repos/TeamTeam/Unreal Project/LootingLooters/Content/Assets/Medieval/Wall_Medium_Deco_Medieval_1_Longsword_grip001.uasset" 190
"Z:/Projects/Repos/TeamTeam/Unreal Project/LootingLooters/Content/Assets/Medieval/Material__103.uasset" 191
"Z:/Projects/Repos/TeamTeam/Unreal Project/LootingLooters/Content/Assets/Medieval/Wall_Medium_Deco_Medieval_1_Longsword_Guard001.uasset" 192
"Z:/Projects/Repos/TeamTeam/Unreal Project/LootingLooters/Content/Blueprints/Furniture/Wall_Medium_Object_Deco_Medieval.uasset" 193
"Z:/Projects/Repos/TeamTeam/Unreal Project/LootingLooters/Content/Assets/Medieval/09_-_Default.uasset" 194
"Z:/Projects/Repos/TeamTeam/Unreal Project/LootingLooters/Content/Assets/Medieval/Wall_Medium_Deco_Medieval_3_Shield_arm_comforter.uasset" 195
"Z:/Projects/Repos/TeamTeam/Unreal Project/LootingLooters/Content/Assets/Medieval/21_-_Default.uasset" 196
"Z:/Projects/Repos/TeamTeam/Unreal Project/LootingLooters/Content/Assets/Medieval/Wall_Medium_Deco_Medieval_3_Shield_body.uasset" 197
"Z:/Projects/Repos/TeamTeam/Unreal Project/LootingLooters/Content/Assets/Medieval/Wall_Medium_Deco_Medieval_3_shield_elbow_tasssel.uasset" 198
"Z:/Projects/Repos/TeamTeam/Unreal Project/LootingLooters/Content/Assets/Medieval/Wall_Medium_Deco_Medieval_3_Shield_hande_tassel.uasset" 199
"Z:/Projects/Repos/TeamTeam/Unreal Project/LootingLooters/Content/Blueprints/Furniture/Wall_Medium_Object_Deco_Medieval_2.uasset" 200
"Z:/Projects/Repos/TeamTeam/Unreal Project/LootingLooters/Content/Assets/Modern/Wall_Medium_Deco_Modern_1.uasset" 201
"Z:/Projects/Repos/TeamTeam/Unreal Project/LootingLooters/Content/Blueprints/Furniture/Wall_Medium_Object_Deco_Modern_1.uasset" 202
"Z:/Projects/Repos/TeamTeam/Unreal Project/LootingLooters/Content/Assets/Modern/Wall_Small_Deco_Modern_2.uasset" 203
"Z:/Projects/Repos/TeamTeam/Unreal Project/LootingLooters/Content/Blueprints/Furniture/Wall_Medium_Object_Deco_Modern_2.uasset" 204
"Z:/Projects/Repos/TeamTeam/Unreal Project/LootingLooters/Content/Assets/Modern/Wall_Medium_Deco_Modern_3.uasset" 205
"Z:/Projects/Repos/TeamTeam/Unreal Project/LootingLooters/Content/Blueprints/Furniture/Wall_Medium_Object_Deco_Modern_3.uasset" 206
"Z:/Projects/Repos/TeamTeam/Unreal Project/LootingLooters/Content/Assets/Sci-fi/Wall_Medium_Shelf_Atomic_1.uasset" 207
"Z:/Projects/Repos/TeamTeam/Unreal Project/LootingLooters/Content/Blueprints/Furniture/Wall_Medium_Object_Shelf_Atomic_1.uasset" 208
"Z:/Projects/Repos/TeamTeam/Unreal Project/LootingLooters/Content/Assets/Medieval/Wall_Small_Light_Medieval_1_Box001.uasset" 209
"Z:/Projects/Repos/TeamTeam/Unreal Project/LootingLooters/Content/Assets/Medieval/Wall_Small_Light_Medieval_1_Cylinder001.uasset" 210
"Z:/Projects/Repos/TeamTeam/Unreal Project/LootingLooters/Content/StarterContent/Textures/T_Fire_SubUV.uasset" 211
"Z:/Projects/Repos/TeamTeam/Unreal Project/LootingLooters/Content/StarterContent/Textures/T_Fire_Tiled_D.uasset" 212
"Z:/Projects/Repos/TeamTeam/Unreal Project/LootingLooters/Content/StarterContent/Particles/Materials/M_Fire_SubUV.uasset" 213
"Z:/Projects/Repos/TeamTeam/Unreal Project/LootingLooters/Content/Assets/ParticleSystem/TorchParticle.uasset" 214
"Z:/Projects/Repos/TeamTeam/Unreal Project/LootingLooters/Content/Blueprints/Furniture/Wall_Small_Light_Medieval_1.uasset" 215
"Z:/Projects/Repos/TeamTeam/Unreal Project/LootingLooters/Content/Assets/Modern/Wall_Small_Light_Modern_1_Cylinder002.uasset" 216
"Z:/Projects/Repos/TeamTeam/Unreal Project/LootingLooters/Content/Assets/Modern/Wall_Small_Light_Modern_1_Cylinder003.uasset" 217
"Z:/Projects/Repos/TeamTeam/Unreal Project/LootingLooters/Content/Blueprints/Furniture/Wall_Small_Light_Modern_1.uasset" 218
"Z:/Projects/Repos/TeamTeam/Unreal Project/LootingLooters/Content/Assets/Modern/Wall_Small_Light_Modern_2.uasset" 219
"Z:/Projects/Repos/TeamTeam/Unreal Project/LootingLooters/Content/Blueprints/Furniture/Wall_Small_Light_Modern_2.uasset" 220
"Z:/Projects/Repos/TeamTeam/Unreal Project/LootingLooters/Content/Assets/Sci-fi/Wall_Small_Light_Sci-fi_1_Box002.uasset" 221
"Z:/Projects/Repos/TeamTeam/Unreal Project/LootingLooters/Content/Assets/Sci-fi/Wall_Small_Light_Sci-fi_1_Cylinder004.uasset" 222
"Z:/Projects/Repos/TeamTeam/Unreal Project/LootingLooters/Content/Blueprints/Furniture/Wall_Small_Light_Sci-fi_1.uasset" 223
"Z:/Projects/Repos/TeamTeam/Unreal Project/LootingLooters/Content/Assets/Sci-fi/Wall_Small_Light_Sci-fi_2_Cylinder005.uasset" 224
"Z:/Projects/Repos/TeamTeam/Unreal Project/LootingLooters/Content/Assets/Sci-fi/Wall_Small_Light_Sci-fi_2_Sphere001.uasset" 225
"Z:/Projects/Repos/TeamTeam/Unreal Project/LootingLooters/Content/Assets/Sci-fi/Wall_Small_Light_Sci-fi_2_Sphere002.uasset" 226
"Z:/Projects/Repos/TeamTeam/Unreal Project/LootingLooters/Content/Assets/Sci-fi/Wall_Small_Light_Sci-fi_2_Sphere003.uasset" 227
"Z:/Projects/Repos/TeamTeam/Unreal Project/LootingLooters/Content/Blueprints/Furniture/Wall_Small_Light_Sci-fi_2.uasset" 228
"Z:/Projects/Repos/TeamTeam/Unreal Project/LootingLooters/Content/Assets/Sci-fi/Wall_Small_Clock_Atomic_1.uasset" 229
"Z:/Projects/Repos/TeamTeam/Unreal Project/LootingLooters/Content/Blueprints/Furniture/Wall_Small_Object_Clock_Atomic_1.uasset" 230
"Z:/Projects/Repos/TeamTeam/Unreal Project/LootingLooters/Content/Assets/ParticleSystem/LootParticle.uasset" 231
"Z:/Projects/Repos/TeamTeam/Unreal Project/LootingLooters/Content/StarterContent/Materials/M_Basic_Wall.uasset" 232
"Z:/Projects/Repos/TeamTeam/Unreal Project/LootingLooters/Content/StarterContent/Shapes/Shape_Sphere.uasset" 233
"Z:/Projects/Repos/TeamTeam/Unreal Project/LootingLooters/Content/Blueprints/Loot/BP_LootActor.uasset" 234
"../../../Engine/Content/EngineDebugMaterials/VertexColorViewMode_BlueOnly.uasset" 235
"Z:/Projects/Repos/TeamTeam/Unreal Project/LootingLooters/Content/Blueprints/Loot/BP_LootActor_2.uasset" 236
"Z:/Projects/Repos/TeamTeam/Unreal Project/LootingLooters/Content/StarterContent/Textures/T_Perlin_Noise_M.uasset" 237
"Z:/Projects/Repos/TeamTeam/Unreal Project/LootingLooters/Content/StarterContent/Textures/T_Wood_Floor_Walnut_D.uasset" 238
"Z:/Projects/Repos/TeamTeam/Unreal Project/LootingLooters/Content/StarterContent/Textures/T_Wood_Floor_Walnut_M.uasset" 239
"Z:/Projects/Repos/TeamTeam/Unreal Project/LootingLooters/Content/StarterContent/Textures/T_Wood_Floor_Walnut_N.uasset" 240
"Z:/Projects/Repos/TeamTeam/Unreal Project/LootingLooters/Content/StarterContent/Materials/M_Wood_Floor_Walnut_Polished.uasset" 241
"../../../Engine/Content/EngineMaterials/DefaultPhysicalMaterial.uasset" 242
"Z:/Projects/Repos/TeamTeam/Unreal Project/LootingLooters/Content/Assets/BuildingStructure/Floors/Floor1.uasset" 243
"Z:/Projects/Repos/TeamTeam/Unreal Project/LootingLooters/Content/StarterContent/Textures/T_Ceramic_Tile_M.uasset" 244
"Z:/Projects/Repos/TeamTeam/Unreal Project/LootingLooters/Content/StarterContent/Textures/T_Ceramic_Tile_N.uasset" 245
"Z:/Projects/Repos/TeamTeam/Unreal Project/LootingLooters/Content/StarterContent/Textures/T_Rock_Marble_Polished_D.uasset" 246
"Z:/Projects/Repos/TeamTeam/Unreal Project/LootingLooters/Content/StarterContent/Materials/M_Ceramic_Tile_Checker.uasset" 247
"Z:/Projects/Repos/TeamTeam/Unreal Project/LootingLooters/Content/Assets/BuildingStructure/LongWalls/Wall_Long_1.uasset" 248
"Z:/Projects/Repos/TeamTeam/Unreal Project/LootingLooters/Content/Assets/BuildingStructure/ShortWalls/Wall_Short_1.uasset" 249
"Z:/Projects/Repos/TeamTeam/Unreal Project/LootingLooters/Content/Blueprints/Test_Rooms/BP_Test_Room_1.uasset" 250
"Z:/Projects/Repos/TeamTeam/Unreal Project/LootingLooters/Content/StarterContent/Materials/M_Basic_Floor.uasset" 251
"Z:/Projects/Repos/TeamTeam/Unreal Project/LootingLooters/Content/Assets/BuildingStructure/Floors/Floor1_2.uasset" 252
"Z:/Projects/Repos/TeamTeam/Unreal Project/LootingLooters/Content/Assets/BuildingStructure/LongWalls/Wall_Long_2.uasset" 253
"Z:/Projects/Repos/TeamTeam/Unreal Project/LootingLooters/Content/Assets/BuildingStructure/ShortWalls/Wall_Short_2.uasset" 254
"Z:/Projects/Repos/TeamTeam/Unreal Project/LootingLooters/Content/Assets/BuildingStructure/ShortWalls/Wall_Short_3.uasset" 255
"Z:/Projects/Repos/TeamTeam/Unreal Project/LootingLooters/Content/Blueprints/Test_Rooms/BP_Test_Room_2.uasset" 256
"Z:/Projects/Repos/TeamTeam/Unreal Project/LootingLooters/Content/Assets/BuildingStructure/Floors/Floor1_3.uasset" 257
"Z:/Projects/Repos/TeamTeam/Unreal Project/LootingLooters/Content/Assets/BuildingStructure/LongWalls/Wall_Long_3.uasset" 258
"Z:/Projects/Repos/TeamTeam/Unreal Project/LootingLooters/Content/Blueprints/Test_Rooms/BP_Test_Room_3.uasset" 259
"Z:/Projects/Repos/TeamTeam/Unreal Project/LootingLooters/Content/Assets/BuildingStructure/Floors/Floor1_4.uasset" 260
"Z:/Projects/Repos/TeamTeam/Unreal Project/LootingLooters/Content/Assets/BuildingStructure/LongWalls/Wall_Long_4.uasset" 261
"Z:/Projects/Repos/TeamTeam/Unreal Project/LootingLooters/Content/Assets/BuildingStructure/ShortWalls/Wall_Short_4.uasset" 262
"Z:/Projects/Repos/TeamTeam/Unreal Project/LootingLooters/Content/Blueprints/Test_Rooms/BP_Test_Room_4.uasset" 263
"Z:/Projects/Repos/TeamTeam/Unreal Project/LootingLooters/Content/Blueprints/Test_Rooms/BP_Test_Room_5.uasset" 264
"Z:/Projects/Repos/TeamTeam/Unreal Project/LootingLooters/Content/Assets/BuildingStructure/Floors/Floor1_5.uasset" 265
"Z:/Projects/Repos/TeamTeam/Unreal Project/LootingLooters/Content/Blueprints/Test_Rooms/BP_Test_Room_6.uasset" 266
"Z:/Projects/Repos/TeamTeam/Unreal Project/LootingLooters/Content/Blueprints/BP_GameModeBaseNetworked.uasset" 267
"Z:/Projects/Repos/TeamTeam/Unreal Project/LootingLooters/Content/Blueprints/UI/PauseMenu.uasset" 268
"Z:/Projects/Repos/TeamTeam/Unreal Project/LootingLooters/Content/StarterContent/Architecture/Pillar_50x500.uasset" 269
"Z:/Projects/Repos/TeamTeam/Unreal Project/LootingLooters/Content/StarterContent/Architecture/Wall_400x300.uasset" 270
"Z:/Projects/Repos/TeamTeam/Unreal Project/LootingLooters/Content/StarterContent/Architecture/Wall_400x400.uasset" 271
"Z:/Projects/Repos/TeamTeam/Unreal Project/LootingLooters/Content/StarterContent/Architecture/Wall_500x500.uasset" 272
"Z:/Projects/Repos/TeamTeam/Unreal Project/LootingLooters/Content/StarterContent/Architecture/Wall_Door_400x400.uasset" 273
"Z:/Projects/Repos/TeamTeam/Unreal Project/LootingLooters/Content/StarterContent/Architecture/Wall_Window_400x400.uasset" 274
"Z:/Projects/Repos/TeamTeam/Unreal Project/LootingLooters/Content/StarterContent/Audio/Collapse01.uasset" 275
"Z:/Projects/Repos/TeamTeam/Unreal Project/LootingLooters/Content/StarterContent/Audio/Collapse02.uasset" 276
"Z:/Projects/Repos/TeamTeam/Unreal Project/LootingLooters/Content/StarterContent/Audio/Explosion01.uasset" 277
"Z:/Projects/Repos/TeamTeam/Unreal Project/LootingLooters/Content/StarterContent/Audio/Explosion02.uasset" 278
"Z:/Projects/Repos/TeamTeam/Unreal Project/LootingLooters/Content/StarterContent/Audio/Fire01.uasset" 279
"Z:/Projects/Repos/TeamTeam/Unreal Project/LootingLooters/Content/StarterContent/Audio/Fire_Sparks01.uasset" 280
"Z:/Projects/Repos/TeamTeam/Unreal Project/LootingLooters/Content/StarterContent/Audio/Light01.uasset" 281
"Z:/Projects/Repos/TeamTeam/Unreal Project/LootingLooters/Content/StarterContent/Audio/Light01_Cue.uasset" 282
"Z:/Projects/Repos/TeamTeam/Unreal Project/LootingLooters/Content/StarterContent/Audio/Light02.uasset" 283
"Z:/Projects/Repos/TeamTeam/Unreal Project/LootingLooters/Content/StarterContent/Audio/Light02_Cue.uasset" 284
"Z:/Projects/Repos/TeamTeam/Unreal Project/LootingLooters/Content/StarterContent/Audio/Smoke01.uasset" 285
"Z:/Projects/Repos/TeamTeam/Unreal Project/LootingLooters/Content/StarterContent/Audio/Starter_Birds01.uasset" 286
"Z:/Projects/Repos/TeamTeam/Unreal Project/LootingLooters/Content/StarterContent/Audio/Starter_Music01.uasset" 287
"Z:/Projects/Repos/TeamTeam/Unreal Project/LootingLooters/Content/StarterContent/Audio/Starter_Wind05.uasset" 288
"Z:/Projects/Repos/TeamTeam/Unreal Project/LootingLooters/Content/StarterContent/Audio/Starter_Wind06.uasset" 289
"Z:/Projects/Repos/TeamTeam/Unreal Project/LootingLooters/Content/StarterContent/Audio/Steam01.uasset" 290
"Z:/Projects/Repos/TeamTeam/Unreal Project/LootingLooters/Content/StarterContent/Audio/Explosion_Cue.uasset" 291
"Z:/Projects/Repos/TeamTeam/Unreal Project/LootingLooters/Content/StarterContent/Textures/T_Burst_M.uasset" 292
"Z:/Projects/Repos/TeamTeam/Unreal Project/LootingLooters/Content/StarterContent/Particles/Materials/M_Burst.uasset" 293
"Z:/Projects/Repos/TeamTeam/Unreal Project/LootingLooters/Content/StarterContent/Textures/T_Explosion_SubUV.uasset" 294
"Z:/Projects/Repos/TeamTeam/Unreal Project/LootingLooters/Content/StarterContent/Particles/Materials/M_explosion_subUV.uasset" 295
"Z:/Projects/Repos/TeamTeam/Unreal Project/LootingLooters/Content/StarterContent/Particles/Materials/m_flare_01.uasset" 296
"../../../Engine/Content/Functions/Engine_MaterialFunctions01/Gradient/RadialGradient.uasset" 297
"Z:/Projects/Repos/TeamTeam/Unreal Project/LootingLooters/Content/StarterContent/Particles/Materials/M_radial_ramp.uasset" 298
"Z:/Projects/Repos/TeamTeam/Unreal Project/LootingLooters/Content/StarterContent/Textures/T_Smoke_SubUV.uasset" 299
"Z:/Projects/Repos/TeamTeam/Unreal Project/LootingLooters/Content/StarterContent/Textures/T_Smoke_Tiled_D.uasset" 300
"Z:/Projects/Repos/TeamTeam/Unreal Project/LootingLooters/Content/StarterContent/Particles/Materials/M_smoke_subUV.uasset" 301
"Z:/Projects/Repos/TeamTeam/Unreal Project/LootingLooters/Content/StarterContent/Particles/P_Explosion.uasset" 302
"Z:/Projects/Repos/TeamTeam/Unreal Project/LootingLooters/Content/StarterContent/Blueprints/Blueprint_Effect_Explosion.uasset" 303
"../../../Engine/Content/EditorMeshes/ColorCalibrator/T_ColorGrid.uasset" 304
"Z:/Projects/Repos/TeamTeam/Unreal Project/LootingLooters/Content/StarterContent/Materials/M_ColorGrid_LowSpec.uasset" 305
"Z:/Projects/Repos/TeamTeam/Unreal Project/LootingLooters/Content/StarterContent/Textures/T_Bush_D.uasset" 306
"Z:/Projects/Repos/TeamTeam/Unreal Project/LootingLooters/Content/StarterContent/Textures/T_Bush_N.uasset" 307
"Z:/Projects/Repos/TeamTeam/Unreal Project/LootingLooters/Content/StarterContent/Props/Materials/M_Bush.uasset" 308
"Z:/Projects/Repos/TeamTeam/Unreal Project/LootingLooters/Content/StarterContent/Props/SM_Bush.uasset" 309
"Z:/Projects/Repos/TeamTeam/Unreal Project/LootingLooters/Content/StarterContent/Textures/T_Chair_M.uasset" 310
"Z:/Projects/Repos/TeamTeam/Unreal Project/LootingLooters/Content/StarterContent/Textures/T_Chair_N.uasset" 311
"Z:/Projects/Repos/TeamTeam/Unreal Project/LootingLooters/Content/StarterContent/Props/Materials/M_Chair.uasset" 312
"Z:/Projects/Repos/TeamTeam/Unreal Project/LootingLooters/Content/StarterContent/Props/SM_Couch.uasset" 313
"Z:/Projects/Repos/TeamTeam/Unreal Project/LootingLooters/Content/StarterContent/Materials/M_Glass.uasset" 314
"Z:/Projects/Repos/TeamTeam/Unreal Project/LootingLooters/Content/StarterContent/Textures/T_Door_M.uasset" 315
"Z:/Projects/Repos/TeamTeam/Unreal Project/LootingLooters/Content/StarterContent/Textures/T_Door_N.uasset" 316
"Z:/Projects/Repos/TeamTeam/Unreal Project/LootingLooters/Content/StarterContent/Props/Materials/M_Door.uasset" 317
"Z:/Projects/Repos/TeamTeam/Unreal Project/LootingLooters/Content/StarterContent/Props/SM_Door.uasset" 318
"Z:/Projects/Repos/TeamTeam/Unreal Project/LootingLooters/Content/StarterContent/Props/Materials/M_MaterialSphere.uasset" 319
"Z:/Projects/Repos/TeamTeam/Unreal Project/LootingLooters/Content/StarterContent/Props/Materials/M_MaterialSphere_Plain.uasset" 320
"Z:/Projects/Repos/TeamTeam/Unreal Project/LootingLooters/Content/StarterContent/Props/SM_MatPreviewMesh_02.uasset" 321
"Z:/Projects/Repos/TeamTeam/Unreal Project/LootingLooters/Content/StarterContent/Textures/T_Detail_Rocky_N.uasset" 322
"Z:/Projects/Repos/TeamTeam/Unreal Project/LootingLooters/Content/StarterContent/Textures/T_Rock_Basalt_D.uasset" 323
"Z:/Projects/Repos/TeamTeam/Unreal Project/LootingLooters/Content/StarterContent/Textures/T_RockMesh_M.uasset" 324
"Z:/Projects/Repos/TeamTeam/Unreal Project/LootingLooters/Content/StarterContent/Textures/T_RockMesh_N.uasset" 325
"Z:/Projects/Repos/TeamTeam/Unreal Project/LootingLooters/Content/StarterContent/Props/Materials/M_Rock.uasset" 326
"Z:/Projects/Repos/TeamTeam/Unreal Project/LootingLooters/Content/StarterContent/Props/SM_Rock.uasset" 327
"Z:/Projects/Repos/TeamTeam/Unreal Project/LootingLooters/Content/StarterContent/Textures/T_Shelf_M.uasset" 328
"Z:/Projects/Repos/TeamTeam/Unreal Project/LootingLooters/Content/StarterContent/Textures/T_Shelf_N.uasset" 329
"Z:/Projects/Repos/TeamTeam/Unreal Project/LootingLooters/Content/StarterContent/Props/Materials/M_Shelf.uasset" 330
"Z:/Projects/Repos/TeamTeam/Unreal Project/LootingLooters/Content/StarterContent/Props/SM_Shelf.uasset" 331
"Z:/Projects/Repos/TeamTeam/Unreal Project/LootingLooters/Content/StarterContent/Props/SM_Stairs.uasset" 332
"Z:/Projects/Repos/TeamTeam/Unreal Project/LootingLooters/Content/StarterContent/Shapes/Shape_Cone.uasset" 333
"Z:/Projects/Repos/TeamTeam/Unreal Project/LootingLooters/Content/StarterContent/Shapes/Shape_Cylinder.uasset" 334
"Z:/Projects/Repos/TeamTeam/Unreal Project/LootingLooters/Content/StarterContent/Shapes/Shape_NarrowCapsule.uasset" 335
"Z:/Projects/Repos/TeamTeam/Unreal Project/LootingLooters/Content/StarterContent/Shapes/Shape_Pipe.uasset" 336
"Z:/Projects/Repos/TeamTeam/Unreal Project/LootingLooters/Content/StarterContent/Shapes/Shape_Pipe_180.uasset" 337
"Z:/Projects/Repos/TeamTeam/Unreal Project/LootingLooters/Content/StarterContent/Shapes/Shape_Pipe_90.uasset" 338
"Z:/Projects/Repos/TeamTeam/Unreal Project/LootingLooters/Content/StarterContent/Shapes/Shape_Plane.uasset" 339
"Z:/Projects/Repos/TeamTeam/Unreal Project/LootingLooters/Content/StarterContent/Shapes/Shape_Torus.uasset" 340
"Z:/Projects/Repos/TeamTeam/Unreal Project/LootingLooters/Content/StarterContent/Shapes/Shape_Trim.uasset" 341
"Z:/Projects/Repos/TeamTeam/Unreal Project/LootingLooters/Content/StarterContent/Shapes/Shape_Trim_90_In.uasset" 342
"Z:/Projects/Repos/TeamTeam/Unreal Project/LootingLooters/Content/StarterContent/Shapes/Shape_Trim_90_Out.uasset" 343
"Z:/Projects/Repos/TeamTeam/Unreal Project/LootingLooters/Content/StarterContent/Shapes/Shape_TriPyramid.uasset" 344
"Z:/Projects/Repos/TeamTeam/Unreal Project/LootingLooters/Content/StarterContent/Shapes/Shape_Tube.uasset" 345
"Z:/Projects/Repos/TeamTeam/Unreal Project/LootingLooters/Content/StarterContent/Shapes/Shape_Wedge_A.uasset" 346
"Z:/Projects/Repos/TeamTeam/Unreal Project/LootingLooters/Content/StarterContent/Shapes/Shape_Wedge_B.uasset" 347
"Z:/Projects/Repos/TeamTeam/Unreal Project/LootingLooters/Content/StarterContent/Shapes/Shape_WideCapsule.uasset" 348
"../../../Engine/Content/ArtTools/RenderToTexture/Meshes/S_1_Unit_Plane.uasset" 349
"../../../Engine/Content/EngineMaterials/DefaultMaterial.uasset" 350
"../../../Engine/Content/BasicShapes/Cone.uasset" 351
"../../../Engine/Content/BasicShapes/Cylinder.uasset" 352
"../../../Engine/Content/BasicShapes/Plane.uasset" 353
"../../../Engine/Content/BasicShapes/Sphere.uasset" 354
"../../../Engine/Content/EditorLandscapeResources/DataLayer.uasset" 355
"../../../Engine/Content/EditorMaterials/GizmoMaterial.uasset" 356
"../../../Engine/Content/EditorMaterials/MAT_Groups_Toggle.uasset" 357
"../../../Engine/Content/EditorMaterials/MAT_Groups_Visibility.uasset" 358
"../../../Engine/Content/EditorMaterials/PreviewShadowIndicator.uasset" 359
"../../../Engine/Content/EditorMaterials/PreviewShadowIndicatorMaterial.uasset" 360
"../../../Engine/Content/EditorMaterials/MatineeGroups/MAT_ColorTrack.uasset" 361
"../../../Engine/Content/EditorMaterials/MatineeGroups/MAT_Groups_Anim.uasset" 362
"../../../Engine/Content/EditorMaterials/MatineeGroups/MAT_Groups_AudioMaster.uasset" 363
"../../../Engine/Content/EditorMaterials/MatineeGroups/MAT_Groups_Director.uasset" 364
"../../../Engine/Content/EditorMaterials/MatineeGroups/MAT_Groups_Event.uasset" 365
"../../../Engine/Content/EditorMaterials/MatineeGroups/MAT_Groups_Fade.uasset" 366
"../../../Engine/Content/EditorMaterials/MatineeGroups/MAT_Groups_Float.uasset" 367
"../../../Engine/Content/EditorMaterials/MatineeGroups/MAT_Groups_Move.uasset" 368
"../../../Engine/Content/EditorMaterials/MatineeGroups/MAT_Groups_Slomo.uasset" 369
"../../../Engine/Content/EditorMaterials/MatineeGroups/MAT_Groups_Sound.uasset" 370
"../../../Engine/Content/EditorMaterials/MatineeGroups/MAT_Groups_Vector.uasset" 371
"../../../Engine/Content/EditorMaterials/ParticleSystems/PSysThumbnail_NoImage.uasset" 372
"../../../Engine/Content/EditorMaterials/ParticleSystems/PSysThumbnail_OOD.uasset" 373
"../../../Engine/Content/EditorMaterials/Camera/CineMat.uasset" 374
"../../../Engine/Content/EditorMaterials/Camera/MI_CineMat_Rig.uasset" 375
"../../../Engine/Content/EditorMeshes/Camera/SM_CraneRig_Arm.uasset" 376
"../../../Engine/Content/EditorMeshes/Camera/SM_CraneRig_Base.uasset" 377
"../../../Engine/Content/EditorMeshes/Camera/SM_CraneRig_Body.uasset" 378
"../../../Engine/Content/EditorMeshes/Camera/SM_CraneRig_Mount.uasset" 379
"../../../Engine/Content/EditorMeshes/Camera/SM_RailRig_Mount.uasset" 380
"../../../Engine/Content/EditorMeshes/Camera/SM_RailRig_Track.uasset" 381
"../../../Engine/Content/EditorResources/BSPVertex.uasset" 382
"../../../Engine/Content/EditorResources/EmptyActor.uasset" 383
"../../../Engine/Content/EditorResources/S_Actor.uasset" 384
"../../../Engine/Content/EditorResources/S_Trigger.uasset" 385
"../../../Engine/Content/EditorResources/AudioIcons/S_AudioComponent.uasset" 386
"../../../Engine/Content/EditorResources/AudioIcons/S_AudioComponent_AutoActivate.uasset" 387
"../../../Engine/Content/EditorResources/LightIcons/S_LightError.uasset" 388
"../../../Engine/Content/EditorResources/SequenceRecorder/Countdown.uasset" 389
"../../../Engine/Content/EditorResources/SequenceRecorder/RecordingIndicator.uasset" 390
"../../../Engine/Content/EditorSounds/Notifications/CompileFailed.uasset" 391
"../../../Engine/Content/EditorSounds/Notifications/CompileFailed_Cue.uasset" 392
"../../../Engine/Content/EditorSounds/Notifications/CompileSuccess.uasset" 393
"../../../Engine/Content/EditorSounds/Notifications/CompileStart_Cue.uasset" 394
"../../../Engine/Content/EditorSounds/Notifications/CompileSuccess_Cue.uasset" 395
"../../../Engine/Content/EngineDamageTypes/DmgTypeBP_Environmental.uasset" 396
"../../../Engine/Content/EngineDebugMaterials/HeatmapGradient.uasset" 397
"../../../Engine/Content/EngineDebugMaterials/BoneWeightMaterial.uasset" 398
"../../../Engine/Content/EngineDebugMaterials/ClothMaterial.uasset" 399
"../../../Engine/Content/EngineDebugMaterials/ClothMaterial_WF.uasset" 400
"../../../Engine/Content/EngineDebugMaterials/DebugEditorMaterial.uasset" 401
"../../../Engine/Content/EngineDebugMaterials/DebugMeshMaterial.uasset" 402
"../../../Engine/Content/EngineDebugMaterials/GeomMaterial.uasset" 403
"../../../Engine/Content/EngineDebugMaterials/M_SimpleTranslucent.uasset" 404
"../../../Engine/Content/EngineFonts/Faces/RobotoBold.uasset" 405
"../../../Engine/Content/EngineFonts/Faces/RobotoBoldItalic.uasset" 406
"../../../Engine/Content/EngineFonts/Faces/RobotoItalic.uasset" 407
"../../../Engine/Content/EngineFonts/Faces/RobotoLight.uasset" 408
"../../../Engine/Content/EngineFonts/Faces/RobotoRegular.uasset" 409
"../../../Engine/Content/EngineFonts/Roboto.uasset" 410
"../../../Engine/Content/EngineFonts/Faces/RobotoTiny.uasset" 411
"../../../Engine/Content/EngineFonts/RobotoTiny.uasset" 412
"../../../Engine/Content/EngineMaterials/BaseFlattenDiffuseMap.uasset" 413
"../../../Engine/Content/EngineMaterials/BaseFlattenEmissiveMap.uasset" 414
"../../../Engine/Content/EngineMaterials/BaseFlattenGrayscaleMap.uasset" 415
"../../../Engine/Content/EngineMaterials/BaseFlattenNormalMap.uasset" 416
"../../../Engine/Content/EngineMaterials/BaseFlattenMaterial.uasset" 417
"../../../Engine/Content/EngineMaterials/DefaultBloomKernel.uasset" 418
"../../../Engine/Content/EngineMaterials/DefaultBokeh.uasset" 419
"../../../Engine/Content/EngineMaterials/DefaultDiffuse.uasset" 420
"../../../Engine/Content/EngineMaterials/DefaultDeferredDecalMaterial.uasset" 421
"../../../Engine/Content/EngineMaterials/DefaultLightFunctionMaterial.uasset" 422
"../../../Engine/Content/Functions/Engine_MaterialFunctions02/Utility/BreakOutFloat2Components.uasset" 423
"../../../Engine/Content/EngineMaterials/DefaultPostProcessMaterial.uasset" 424
"../../../Engine/Content/EngineFonts/RobotoDistanceField.uasset" 425
"../../../Engine/Content/EngineMaterials/DefaultTextMaterialOpaque.uasset" 426
"../../../Engine/Content/EngineMaterials/DefaultWhiteGrid.uasset" 427
"../../../Engine/Content/EngineMaterials/EditorBrushMaterial.uasset" 428
"../../../Engine/Content/EngineMaterials/Good64x64TilingNoiseHighFreq.uasset" 429
"../../../Engine/Content/EngineMaterials/MiniFont.uasset" 430
"../../../Engine/Content/EngineMaterials/InvalidLightmapSettings.uasset" 431
"../../../Engine/Content/EngineMaterials/M_InvalidLightmapSettings.uasset" 432
"../../../Engine/Content/Functions/Engine_MaterialFunctions02/WorldPositionOffset/CameraOffset.uasset" 433
"../../../Engine/Content/EngineMaterials/PhAT_JointLimitMaterial.uasset" 434
"../../../Engine/Content/EngineMaterials/PreintegratedSkinBRDF.uasset" 435
"../../../Engine/Content/EngineMaterials/RemoveSurfaceMaterial.uasset" 436
"../../../Engine/Content/EngineMaterials/WeightMapPlaceholderTexture.uasset" 437
"../../../Engine/Content/EngineResources/WhiteSquareTexture.uasset" 438
"../../../Engine/Content/EngineMaterials/Widget3DPassThrough.uasset" 439
"../../../Engine/Content/EngineMaterials/Widget3DPassThrough_Masked.uasset" 440
"../../../Engine/Content/EngineMaterials/Widget3DPassThrough_Opaque.uasset" 441
"../../../Engine/Content/EngineMaterials/Widget3DPassThrough_Masked_OneSided.uasset" 442
"../../../Engine/Content/EngineMaterials/Widget3DPassThrough_Opaque_OneSided.uasset" 443
"../../../Engine/Content/EngineMaterials/Widget3DPassThrough_Translucent.uasset" 444
"../../../Engine/Content/EngineMaterials/Widget3DPassThrough_Translucent_OneSided.uasset" 445
"../../../Engine/Content/EngineMeshes/Cylinder.uasset" 446
"../../../Engine/Content/EngineMeshes/Sphere.uasset" 447
"../../../Engine/Content/EngineResources/Black.uasset" 448
"../../../Engine/Content/EngineResources/DefaultTexture.uasset" 449
"../../../Engine/Content/EngineResources/DefaultTextureCube.uasset" 450
"../../../Engine/Content/EngineResources/DefaultVolumeTexture2D.uasset" 451
"../../../Engine/Content/EngineResources/DefaultVolumeTexture.uasset" 452
"../../../Engine/Content/EngineResources/GradientTexture0.uasset" 453
"../../../Engine/Content/EngineSounds/Master.uasset" 454
"../../../Engine/Content/Functions/Engine_MaterialFunctions01/Shading/ConvertFromDiffSpec.uasset" 455
"../../../Engine/Content/Functions/Engine_MaterialFunctions01/Shading/PowerToRoughness.uasset" 456
"../../../Engine/Content/Maps/Templates/Thumbnails/Default.uasset" 457
"../../../Engine/Content/Maps/Templates/Thumbnails/VR-Basic.uasset" 458
"../../../Engine/Content/MobileResources/T_MobileControls_texture.uasset" 459
"../../../Engine/Content/MobileResources/T_MobileMenu2.uasset" 460
"../../../Engine/Content/MobileResources/HUD/AnalogHat.uasset" 461
"../../../Engine/Content/MobileResources/HUD/VirtualJoystick_Background.uasset" 462
"../../../Engine/Content/MobileResources/HUD/VirtualJoystick_Thumb.uasset" 463
"../../../Engine/Content/MobileResources/HUD/DefaultVirtualJoysticks.uasset" 464
"../../../Engine/Content/MobileResources/HUD/LeftVirtualJoystickOnly.uasset" 465
"../../../Engine/Content/MobileResources/HUD/MobileHUDButton1_off.uasset" 466
"../../../Engine/Content/MobileResources/HUD/MobileHUDButton1_on.uasset" 467
"../../../Engine/Content/MobileResources/HUD/MobileHUDButton2_off.uasset" 468
"../../../Engine/Content/MobileResources/HUD/MobileHUDButton2_on.uasset" 469
"../../../Engine/Content/MobileResources/HUD/MobileHUDButton3.uasset" 470
"../../../Engine/Content/MobileResources/HUD/MobileHUDButtonFire.uasset" 471
"../../../Engine/Content/MobileResources/HUD/MobileHUDDirectionPad.uasset" 472
"../../../Engine/Content/MobileResources/HUD/MobileHUDDirectionPad2.uasset" 473
"../../../Engine/Content/MobileResources/HUD/MobileHUDDirectionPad3.uasset" 474
"../../../Engine/Content/MobileResources/HUD/MobileHUDDirectionStick.uasset" 475
"../../../Engine/Content/MobileResources/HUD/T_Castle_ThumbstickInner.uasset" 476
"../../../Engine/Content/MobileResources/HUD/T_Castle_ThumbstickOutter.uasset" 477
"../../../Engine/Content/Tutorial/ContentIntroCurve.uasset" 478
"../../../Engine/Content/Tutorial/Basics/TutorialAssets/icon_tab_Levels_40x.uasset" 479
"../../../Engine/Content/Tutorial/BlueprintTutorials/TutorialAssets/Blueprint_64x.uasset" 480
"../../../Engine/Content/VREditor/LaserPointer/VR_LaserPower_01.uasset" 481
"../../../Engine/Content/VREditor/TransformGizmo/TransformGizmoMaterial.uasset" 482
"../../../Engine/Content/VREditor/TransformGizmo/TranslucentTransformGizmoMaterial.uasset" 483
"../../../Engine/Content/VREditor/TransformGizmo/BoundingBoxCorner.uasset" 484
"../../../Engine/Content/VREditor/TransformGizmo/BoundingBoxEdge.uasset" 485
"../../../Engine/Content/VREditor/TransformGizmo/PlaneTranslationHandle.uasset" 486
"../../../Engine/Content/VREditor/TransformGizmo/Main.uasset" 487
"../../../Engine/Content/VREditor/TransformGizmo/Xray.uasset" 488
"../../../Engine/Content/VREditor/TransformGizmo/SM_Sequencer_Key.uasset" 489
"../../../Engine/Content/VREditor/TransformGizmo/SM_Sequencer_Node.uasset" 490
"../../Plugins/2D/Paper2D/Content/PlaceholderTextures/DummySpriteTexture.uasset" 491
"../../Plugins/2D/Paper2D/Content/DummySprite.uasset" 492
"../../Plugins/2D/Paper2D/Content/DefaultPaperTerrainMaterial.uasset" 493
"../../Plugins/2D/Paper2D/Content/DefaultSpriteMaterial.uasset" 494
"../../Plugins/2D/Paper2D/Content/MaskedUnlitSpriteMaterial.uasset" 495
"../../Plugins/2D/Paper2D/Content/OpaqueUnlitSpriteMaterial.uasset" 496
"../../Plugins/Runtime/Oculus/OculusVR/Content/Materials/PokeAHoleMaterial.uasset" 497
"../../Plugins/Runtime/Oculus/OculusVR/Content/Textures/GearVRController_AO.uasset" 498
"../../Plugins/Runtime/Oculus/OculusVR/Content/Textures/GearVRController_Color.uasset" 499
"../../Plugins/Runtime/Oculus/OculusVR/Content/Textures/GearVRController_Normal.uasset" 500
"../../Plugins/Runtime/Oculus/OculusVR/Content/Materials/GearVRControllerMaterial.uasset" 501
"../../Plugins/Runtime/Oculus/OculusVR/Content/Meshes/GearVrController.uasset" 502
"../../Plugins/Runtime/Oculus/OculusVR/Content/Textures/touchController_albedo.uasset" 503
"../../Plugins/Runtime/Oculus/OculusVR/Content/Textures/touchController_controlmap.uasset" 504
"../../Plugins/Runtime/Oculus/OculusVR/Content/Materials/touchController_mat.uasset" 505
"../../Plugins/Runtime/Oculus/OculusVR/Content/Meshes/LeftTouchController.uasset" 506
"../../Plugins/Runtime/Oculus/OculusVR/Content/Meshes/RiftHMD.uasset" 507
"../../Plugins/Runtime/Oculus/OculusVR/Content/Meshes/RightTouchController.uasset" 508
"Z:/Projects/Repos/TeamTeam/Unreal Project/LootingLooters/Content/AnimStarterPack/Crouch_Idle_Rifle_Ironsights.uasset" 509
"Z:/Projects/Repos/TeamTeam/Unreal Project/LootingLooters/Content/AnimStarterPack/Crouch_Walk_Fwd_Rifle_Ironsights.uasset" 510
"Z:/Projects/Repos/TeamTeam/Unreal Project/LootingLooters/Content/AnimStarterPack/Equip_Pistol_Standing.uasset" 511
"Z:/Projects/Repos/TeamTeam/Unreal Project/LootingLooters/Content/AnimStarterPack/Fire_Rifle_Ironsights.uasset" 512
"Z:/Projects/Repos/TeamTeam/Unreal Project/LootingLooters/Content/AnimStarterPack/Hit_React_1.uasset" 513
"Z:/Projects/Repos/TeamTeam/Unreal Project/LootingLooters/Content/AnimStarterPack/Hit_React_2.uasset" 514
"Z:/Projects/Repos/TeamTeam/Unreal Project/LootingLooters/Content/AnimStarterPack/Hit_React_3.uasset" 515
"Z:/Projects/Repos/TeamTeam/Unreal Project/LootingLooters/Content/AnimStarterPack/Idle_Rifle_Hip_Break1.uasset" 516
"Z:/Projects/Repos/TeamTeam/Unreal Project/LootingLooters/Content/AnimStarterPack/Idle_Rifle_Hip_Break2.uasset" 517
"Z:/Projects/Repos/TeamTeam/Unreal Project/LootingLooters/Content/AnimStarterPack/Reload_Rifle_Hip.uasset" 518
"Z:/Projects/Repos/TeamTeam/Unreal Project/LootingLooters/Content/AnimStarterPack/Walk_Fwd_Rifle_Ironsights.uasset" 519
"../../../Engine/Content/EditorBlueprintResources/StandardMacros.uasset" 520
"../../../Engine/Content/EngineSky/C_Sky_Cloud_Color.uasset" 521
"../../../Engine/Content/EngineSky/C_Sky_Horizon_Color.uasset" 522
"../../../Engine/Content/EngineSky/C_Sky_Zenith_Color.uasset" 523
"../../../Engine/Content/EngineSky/T_Sky_Blue.uasset" 524
"../../../Engine/Content/EngineSky/T_Sky_Clouds_M.uasset" 525
"../../../Engine/Content/EngineSky/T_Sky_Stars.uasset" 526
"../../../Engine/Content/EngineSky/M_Sky_Panning_Clouds2.uasset" 527
"../../../Engine/Content/EngineSky/SM_SkySphere.uasset" 528
"../../../Engine/Content/EngineSky/BP_Sky_Sphere.uasset" 529
"../../../Engine/Content/TemplateResources/M_Template_Master.uasset" 530
"../../../Engine/Content/TemplateResources/MI_Template_BaseGray_03_Metal.uasset" 531
"Z:/Projects/Repos/TeamTeam/Unreal Project/LootingLooters/Content/AnimStarterPack/Showcase.umap" 532
"Z:/Projects/Repos/TeamTeam/Unreal Project/LootingLooters/Content/Blueprints/Characters/BP_GuardCharacter.uasset" 533
"Z:/Projects/Repos/TeamTeam/Unreal Project/LootingLooters/Content/Levels/Level_1.umap" 534
"Z:/Projects/Repos/TeamTeam/Unreal Project/LootingLooters/Content/StarterContent/Blueprints/Assets/FogBrightnessLUT.uasset" 535
"Z:/Projects/Repos/TeamTeam/Unreal Project/LootingLooters/Content/StarterContent/Blueprints/Assets/SunlightColorLUT.uasset" 536
"Z:/Projects/Repos/TeamTeam/Unreal Project/LootingLooters/Content/StarterContent/Blueprints/Assets/M_LightStage_Arrows.uasset" 537
"../../../Engine/Content/MapTemplates/Sky/DaylightAmbientCubemap.uasset" 538
"Z:/Projects/Repos/TeamTeam/Unreal Project/LootingLooters/Content/StarterContent/Blueprints/Assets/M_LightStage_Skybox_Master.uasset" 539
"Z:/Projects/Repos/TeamTeam/Unreal Project/LootingLooters/Content/StarterContent/Blueprints/Assets/M_LightStage_Skybox_Black.uasset" 540
"Z:/Projects/Repos/TeamTeam/Unreal Project/LootingLooters/Content/StarterContent/Blueprints/Assets/M_LightStage_Skybox_HDRI.uasset" 541
"../../../Engine/Content/EditorMaterials/Thumbnails/SkySphereMaterial.uasset" 542
"Z:/Projects/Repos/TeamTeam/Unreal Project/LootingLooters/Content/StarterContent/Blueprints/Assets/Skybox.uasset" 543
"Z:/Projects/Repos/TeamTeam/Unreal Project/LootingLooters/Content/StarterContent/Blueprints/Assets/SM_Arrows.uasset" 544
"Z:/Projects/Repos/TeamTeam/Unreal Project/LootingLooters/Content/StarterContent/HDRI/HDRI_Epic_Courtyard_Daylight.uasset" 545
"Z:/Projects/Repos/TeamTeam/Unreal Project/LootingLooters/Content/StarterContent/Blueprints/BP_LightStudio.uasset" 546
"Z:/Projects/Repos/TeamTeam/Unreal Project/LootingLooters/Content/StarterContent/Maps/Advanced_Lighting_BuiltData.uasset" 547
"Z:/Projects/Repos/TeamTeam/Unreal Project/LootingLooters/Content/StarterContent/Materials/M_AssetPlatform.uasset" 548
"../../../Engine/Content/EditorMeshes/ColorCalibrator/M_ChromeBall.uasset" 549
"../../../Engine/Content/EditorMeshes/ColorCalibrator/M_ClearCoat.uasset" 550
"../../../Engine/Content/EditorMeshes/ColorCalibrator/M_ClearCoatBlack.uasset" 551
"../../../Engine/Content/EditorMeshes/ColorCalibrator/Color_checker.uasset" 552
"../../../Engine/Content/EditorMeshes/ColorCalibrator/M_ColorGrid.uasset" 553
"../../../Engine/Content/EditorMeshes/ColorCalibrator/M_GreyBall.uasset" 554
"../../../Engine/Content/EditorMeshes/ColorCalibrator/SM_ColorCalibrator.uasset" 555
"Z:/Projects/Repos/TeamTeam/Unreal Project/LootingLooters/Content/StarterContent/Architecture/SM_AssetPlatform.uasset" 556
"Z:/Projects/Repos/TeamTeam/Unreal Project/LootingLooters/Content/StarterContent/Maps/Advanced_Lighting.umap" 557
"Z:/Projects/Repos/TeamTeam/Unreal Project/LootingLooters/Content/Assets/Destructible/Floor_Medium_Chair_Medieval_1_DM.uasset" 558
"../../../Engine/Content/EditorMaterials/WidgetMaterial_Z.uasset" 559
"Z:/Projects/Repos/TeamTeam/Unreal Project/LootingLooters/Content/Blueprints/BP_GrabbableStaticMeshActor.uasset" 560
"Z:/Projects/Repos/TeamTeam/Unreal Project/LootingLooters/Content/StarterContent/Maps/Minimal_Default_BuiltData.uasset" 561
"../../../Engine/Content/BasicShapes/BasicShapeMaterial.uasset" 562
"Z:/Projects/Repos/TeamTeam/Unreal Project/LootingLooters/Content/StarterContent/Textures/T_MacroVariation.uasset" 563
"Z:/Projects/Repos/TeamTeam/Unreal Project/LootingLooters/Content/StarterContent/Textures/T_Metal_Copper_D.uasset" 564
"Z:/Projects/Repos/TeamTeam/Unreal Project/LootingLooters/Content/StarterContent/Textures/T_Metal_Gold_N.uasset" 565
"Z:/Projects/Repos/TeamTeam/Unreal Project/LootingLooters/Content/StarterContent/Materials/M_Metal_Copper.uasset" 566
"../../../Engine/Content/BasicShapes/Cube.uasset" 567
"Z:/Projects/Repos/TeamTeam/Unreal Project/LootingLooters/Content/StarterContent/Architecture/Floor_400x400.uasset" 568
"Z:/Projects/Repos/TeamTeam/Unreal Project/LootingLooters/Content/StarterContent/Audio/Starter_Background_Cue.uasset" 569
"Z:/Projects/Repos/TeamTeam/Unreal Project/LootingLooters/Content/StarterContent/Maps/Minimal_Default.umap" 570
"Z:/Projects/Repos/TeamTeam/Unreal Project/LootingLooters/Content/StarterContent/Audio/Fire01_Cue.uasset" 571
"Z:/Projects/Repos/TeamTeam/Unreal Project/LootingLooters/Content/StarterContent/Textures/T_Water_N.uasset" 572
"Z:/Projects/Repos/TeamTeam/Unreal Project/LootingLooters/Content/StarterContent/Particles/Materials/M_Heat_Distortion.uasset" 573
"Z:/Projects/Repos/TeamTeam/Unreal Project/LootingLooters/Content/StarterContent/Particles/Materials/M_Radial_Gradient.uasset" 574
"Z:/Projects/Repos/TeamTeam/Unreal Project/LootingLooters/Content/StarterContent/Particles/P_Fire.uasset" 575
"Z:/Projects/Repos/TeamTeam/Unreal Project/LootingLooters/Content/StarterContent/Blueprints/Blueprint_Effect_Fire.uasset" 576
"Z:/Projects/Repos/TeamTeam/Unreal Project/LootingLooters/Content/StarterContent/Audio/Smoke01_Cue.uasset" 577
"Z:/Projects/Repos/TeamTeam/Unreal Project/LootingLooters/Content/StarterContent/Particles/P_Smoke.uasset" 578
"Z:/Projects/Repos/TeamTeam/Unreal Project/LootingLooters/Content/StarterContent/Blueprints/Blueprint_Effect_Smoke.uasset" 579
"Z:/Projects/Repos/TeamTeam/Unreal Project/LootingLooters/Content/StarterContent/Audio/Fire_Sparks01_Cue.uasset" 580
"Z:/Projects/Repos/TeamTeam/Unreal Project/LootingLooters/Content/StarterContent/Textures/T_Spark_Core.uasset" 581
"Z:/Projects/Repos/TeamTeam/Unreal Project/LootingLooters/Content/StarterContent/Particles/Materials/M_Spark.uasset" 582
"Z:/Projects/Repos/TeamTeam/Unreal Project/LootingLooters/Content/StarterContent/Particles/P_Sparks.uasset" 583
"Z:/Projects/Repos/TeamTeam/Unreal Project/LootingLooters/Content/StarterContent/Blueprints/Blueprint_Effect_Sparks.uasset" 584
"Z:/Projects/Repos/TeamTeam/Unreal Project/LootingLooters/Content/StarterContent/Audio/Steam01_Cue.uasset" 585
"Z:/Projects/Repos/TeamTeam/Unreal Project/LootingLooters/Content/StarterContent/Particles/P_Steam_Lit.uasset" 586
"Z:/Projects/Repos/TeamTeam/Unreal Project/LootingLooters/Content/StarterContent/Blueprints/Blueprint_Effect_Steam.uasset" 587
"Z:/Projects/Repos/TeamTeam/Unreal Project/LootingLooters/Content/StarterContent/Textures/T_Lamp_M.uasset" 588
"Z:/Projects/Repos/TeamTeam/Unreal Project/LootingLooters/Content/StarterContent/Textures/T_Lamp_N.uasset" 589
"Z:/Projects/Repos/TeamTeam/Unreal Project/LootingLooters/Content/StarterContent/Props/Materials/M_Lamp.uasset" 590
"Z:/Projects/Repos/TeamTeam/Unreal Project/LootingLooters/Content/StarterContent/Props/SM_Lamp_Ceiling.uasset" 591
"Z:/Projects/Repos/TeamTeam/Unreal Project/LootingLooters/Content/StarterContent/Blueprints/Blueprint_CeilingLight.uasset" 592
"Z:/Projects/Repos/TeamTeam/Unreal Project/LootingLooters/Content/StarterContent/Props/SM_Lamp_Wall.uasset" 593
"Z:/Projects/Repos/TeamTeam/Unreal Project/LootingLooters/Content/StarterContent/Blueprints/Blueprint_WallSconce.uasset" 594
"Z:/Projects/Repos/TeamTeam/Unreal Project/LootingLooters/Content/StarterContent/Maps/StarterMap_BuiltData.uasset" 595
"../../../Engine/Content/Functions/Engine_MaterialFunctions03/Procedurals/ComputeFilterWidth.uasset" 596
"../../../Engine/Content/EngineMaterials/AntiAliasedTextMaterialTranslucent.uasset" 597
"Z:/Projects/Repos/TeamTeam/Unreal Project/LootingLooters/Content/StarterContent/Textures/T_Brick_Clay_Beveled_D.uasset" 598
"Z:/Projects/Repos/TeamTeam/Unreal Project/LootingLooters/Content/StarterContent/Textures/T_Brick_Clay_Beveled_M.uasset" 599
"Z:/Projects/Repos/TeamTeam/Unreal Project/LootingLooters/Content/StarterContent/Textures/T_Brick_Clay_Beveled_N.uasset" 600
"Z:/Projects/Repos/TeamTeam/Unreal Project/LootingLooters/Content/StarterContent/Materials/M_Brick_Clay_Beveled.uasset" 601
"Z:/Projects/Repos/TeamTeam/Unreal Project/LootingLooters/Content/StarterContent/Textures/T_Brick_Clay_New_D.uasset" 602
"Z:/Projects/Repos/TeamTeam/Unreal Project/LootingLooters/Content/StarterContent/Textures/T_Brick_Clay_New_M.uasset" 603
"Z:/Projects/Repos/TeamTeam/Unreal Project/LootingLooters/Content/StarterContent/Textures/T_Brick_Clay_New_N.uasset" 604
"Z:/Projects/Repos/TeamTeam/Unreal Project/LootingLooters/Content/StarterContent/Materials/M_Brick_Clay_New.uasset" 605
"Z:/Projects/Repos/TeamTeam/Unreal Project/LootingLooters/Content/StarterContent/Textures/T_Brick_Clay_Old_D.uasset" 606
"Z:/Projects/Repos/TeamTeam/Unreal Project/LootingLooters/Content/StarterContent/Textures/T_Brick_Clay_Old_N.uasset" 607
"Z:/Projects/Repos/TeamTeam/Unreal Project/LootingLooters/Content/StarterContent/Materials/M_Brick_Clay_Old.uasset" 608
"Z:/Projects/Repos/TeamTeam/Unreal Project/LootingLooters/Content/StarterContent/Textures/T_Brick_Cut_Stone_D.uasset" 609
"Z:/Projects/Repos/TeamTeam/Unreal Project/LootingLooters/Content/StarterContent/Textures/T_Brick_Cut_Stone_N.uasset" 610
"Z:/Projects/Repos/TeamTeam/Unreal Project/LootingLooters/Content/StarterContent/Materials/M_Brick_Cut_Stone.uasset" 611
"Z:/Projects/Repos/TeamTeam/Unreal Project/LootingLooters/Content/StarterContent/Textures/T_Brick_Hewn_Stone_D.uasset" 612
"Z:/Projects/Repos/TeamTeam/Unreal Project/LootingLooters/Content/StarterContent/Textures/T_Brick_Hewn_Stone_M.uasset" 613
"Z:/Projects/Repos/TeamTeam/Unreal Project/LootingLooters/Content/StarterContent/Textures/T_Brick_Hewn_Stone_N.uasset" 614
"Z:/Projects/Repos/TeamTeam/Unreal Project/LootingLooters/Content/StarterContent/Materials/M_Brick_Hewn_Stone.uasset" 615
"Z:/Projects/Repos/TeamTeam/Unreal Project/LootingLooters/Content/StarterContent/Textures/T_CobbleStone_Pebble_D.uasset" 616
"Z:/Projects/Repos/TeamTeam/Unreal Project/LootingLooters/Content/StarterContent/Textures/T_CobbleStone_Pebble_M.uasset" 617
"Z:/Projects/Repos/TeamTeam/Unreal Project/LootingLooters/Content/StarterContent/Textures/T_CobbleStone_Pebble_N.uasset" 618
"Z:/Projects/Repos/TeamTeam/Unreal Project/LootingLooters/Content/StarterContent/Materials/M_CobbleStone_Pebble.uasset" 619
"Z:/Projects/Repos/TeamTeam/Unreal Project/LootingLooters/Content/StarterContent/Textures/T_CobbleStone_Rough_D.uasset" 620
"Z:/Projects/Repos/TeamTeam/Unreal Project/LootingLooters/Content/StarterContent/Textures/T_CobbleStone_Rough_N.uasset" 621
"Z:/Projects/Repos/TeamTeam/Unreal Project/LootingLooters/Content/StarterContent/Textures/T_Gradinet_01.uasset" 622
"Z:/Projects/Repos/TeamTeam/Unreal Project/LootingLooters/Content/StarterContent/Textures/T_Rock_Smooth_Granite_D.uasset" 623
"Z:/Projects/Repos/TeamTeam/Unreal Project/LootingLooters/Content/StarterContent/Materials/M_CobbleStone_Rough.uasset" 624
"Z:/Projects/Repos/TeamTeam/Unreal Project/LootingLooters/Content/StarterContent/Textures/T_CobbleStone_Smooth_D.uasset" 625
"Z:/Projects/Repos/TeamTeam/Unreal Project/LootingLooters/Content/StarterContent/Textures/T_CobbleStone_Smooth_M.uasset" 626
"Z:/Projects/Repos/TeamTeam/Unreal Project/LootingLooters/Content/StarterContent/Textures/T_CobbleStone_Smooth_N.uasset" 627
"Z:/Projects/Repos/TeamTeam/Unreal Project/LootingLooters/Content/StarterContent/Materials/M_CobbleStone_Smooth.uasset" 628
"Z:/Projects/Repos/TeamTeam/Unreal Project/LootingLooters/Content/StarterContent/Textures/T_Concrete_Grime_D.uasset" 629
"Z:/Projects/Repos/TeamTeam/Unreal Project/LootingLooters/Content/StarterContent/Textures/T_Metal_Rust_N.uasset" 630
"Z:/Projects/Repos/TeamTeam/Unreal Project/LootingLooters/Content/StarterContent/Materials/M_Concrete_Grime.uasset" 631
"Z:/Projects/Repos/TeamTeam/Unreal Project/LootingLooters/Content/StarterContent/Textures/T_Concrete_Panels_D.uasset" 632
"Z:/Projects/Repos/TeamTeam/Unreal Project/LootingLooters/Content/StarterContent/Textures/T_Concrete_Panels_N.uasset" 633
"Z:/Projects/Repos/TeamTeam/Unreal Project/LootingLooters/Content/StarterContent/Materials/M_Concrete_Panels.uasset" 634
"Z:/Projects/Repos/TeamTeam/Unreal Project/LootingLooters/Content/StarterContent/Textures/T_Concrete_Poured_D.uasset" 635
"Z:/Projects/Repos/TeamTeam/Unreal Project/LootingLooters/Content/StarterContent/Textures/T_Concrete_Poured_N.uasset" 636
"Z:/Projects/Repos/TeamTeam/Unreal Project/LootingLooters/Content/StarterContent/Materials/M_Concrete_Poured.uasset" 637
"Z:/Projects/Repos/TeamTeam/Unreal Project/LootingLooters/Content/StarterContent/Textures/T_Concrete_Tiles_D.uasset" 638
"Z:/Projects/Repos/TeamTeam/Unreal Project/LootingLooters/Content/StarterContent/Textures/T_Concrete_Tiles_M.uasset" 639
"Z:/Projects/Repos/TeamTeam/Unreal Project/LootingLooters/Content/StarterContent/Textures/T_Concrete_Tiles_N.uasset" 640
"Z:/Projects/Repos/TeamTeam/Unreal Project/LootingLooters/Content/StarterContent/Textures/T_Concrete_Tiles_Variation_M.uasset" 641
"Z:/Projects/Repos/TeamTeam/Unreal Project/LootingLooters/Content/StarterContent/Materials/M_Concrete_Tiles.uasset" 642
"Z:/Projects/Repos/TeamTeam/Unreal Project/LootingLooters/Content/StarterContent/Textures/T_Ground_Grass_D.uasset" 643
"Z:/Projects/Repos/TeamTeam/Unreal Project/LootingLooters/Content/StarterContent/Textures/T_Ground_Grass_N.uasset" 644
"Z:/Projects/Repos/TeamTeam/Unreal Project/LootingLooters/Content/StarterContent/Materials/M_Ground_Grass.uasset" 645
"Z:/Projects/Repos/TeamTeam/Unreal Project/LootingLooters/Content/StarterContent/Textures/T_Ground_Gravel_D.uasset" 646
"Z:/Projects/Repos/TeamTeam/Unreal Project/LootingLooters/Content/StarterContent/Textures/T_Ground_Gravel_N.uasset" 647
"Z:/Projects/Repos/TeamTeam/Unreal Project/LootingLooters/Content/StarterContent/Materials/M_Ground_Gravel.uasset" 648
"Z:/Projects/Repos/TeamTeam/Unreal Project/LootingLooters/Content/StarterContent/Textures/T_ground_Moss_D.uasset" 649
"Z:/Projects/Repos/TeamTeam/Unreal Project/LootingLooters/Content/StarterContent/Textures/T_Ground_Moss_N.uasset" 650
"Z:/Projects/Repos/TeamTeam/Unreal Project/LootingLooters/Content/StarterContent/Materials/M_Ground_Moss.uasset" 651
"Z:/Projects/Repos/TeamTeam/Unreal Project/LootingLooters/Content/StarterContent/Materials/M_Metal_Brushed_Nickel.uasset" 652
"Z:/Projects/Repos/TeamTeam/Unreal Project/LootingLooters/Content/StarterContent/Textures/T_Metal_Aluminum_D.uasset" 653
"Z:/Projects/Repos/TeamTeam/Unreal Project/LootingLooters/Content/StarterContent/Materials/M_Metal_Burnished_Steel.uasset" 654
"Z:/Projects/Repos/TeamTeam/Unreal Project/LootingLooters/Content/StarterContent/Materials/M_Metal_Chrome.uasset" 655
"Z:/Projects/Repos/TeamTeam/Unreal Project/LootingLooters/Content/StarterContent/Textures/T_Metal_Gold_D.uasset" 656
"Z:/Projects/Repos/TeamTeam/Unreal Project/LootingLooters/Content/StarterContent/Materials/M_Metal_Gold.uasset" 657
"Z:/Projects/Repos/TeamTeam/Unreal Project/LootingLooters/Content/StarterContent/Textures/T_Metal_Rust_D.uasset" 658
"Z:/Projects/Repos/TeamTeam/Unreal Project/LootingLooters/Content/StarterContent/Materials/M_Metal_Rust.uasset" 659
"Z:/Projects/Repos/TeamTeam/Unreal Project/LootingLooters/Content/StarterContent/Textures/T_Metal_Steel_D.uasset" 660
"Z:/Projects/Repos/TeamTeam/Unreal Project/LootingLooters/Content/StarterContent/Textures/T_Metal_Steel_N.uasset" 661
"Z:/Projects/Repos/TeamTeam/Unreal Project/LootingLooters/Content/StarterContent/Materials/M_Metal_Steel.uasset" 662
"Z:/Projects/Repos/TeamTeam/Unreal Project/LootingLooters/Content/StarterContent/Textures/T_Rock_Basalt_N.uasset" 663
"Z:/Projects/Repos/TeamTeam/Unreal Project/LootingLooters/Content/StarterContent/Materials/M_Rock_Basalt.uasset" 664
"Z:/Projects/Repos/TeamTeam/Unreal Project/LootingLooters/Content/StarterContent/Materials/M_Rock_Marble_Polished.uasset" 665
"Z:/Projects/Repos/TeamTeam/Unreal Project/LootingLooters/Content/StarterContent/Textures/T_Rock_Sandstone_D.uasset" 666
"Z:/Projects/Repos/TeamTeam/Unreal Project/LootingLooters/Content/StarterContent/Textures/T_Rock_Sandstone_N.uasset" 667
"Z:/Projects/Repos/TeamTeam/Unreal Project/LootingLooters/Content/StarterContent/Materials/M_Rock_Sandstone.uasset" 668
"Z:/Projects/Repos/TeamTeam/Unreal Project/LootingLooters/Content/StarterContent/Textures/T_Rock_Slate_D.uasset" 669
"Z:/Projects/Repos/TeamTeam/Unreal Project/LootingLooters/Content/StarterContent/Textures/T_Rock_Slate_N.uasset" 670
"Z:/Projects/Repos/TeamTeam/Unreal Project/LootingLooters/Content/StarterContent/Materials/M_Rock_Slate.uasset" 671
"Z:/Projects/Repos/TeamTeam/Unreal Project/LootingLooters/Content/StarterContent/Textures/T_Checker_Noise_M.uasset" 672
"Z:/Projects/Repos/TeamTeam/Unreal Project/LootingLooters/Content/StarterContent/Textures/T_Single_Tile_N.uasset" 673
"Z:/Projects/Repos/TeamTeam/Unreal Project/LootingLooters/Content/StarterContent/Textures/T_Tech_Dot_M.uasset" 674
"Z:/Projects/Repos/TeamTeam/Unreal Project/LootingLooters/Content/StarterContent/Textures/T_Tech_Dot_N.uasset" 675
"Z:/Projects/Repos/TeamTeam/Unreal Project/LootingLooters/Content/StarterContent/Materials/M_Tech_Checker_Dot.uasset" 676
"Z:/Projects/Repos/TeamTeam/Unreal Project/LootingLooters/Content/StarterContent/Textures/T_Tech_Hex_Tile_M.uasset" 677
"Z:/Projects/Repos/TeamTeam/Unreal Project/LootingLooters/Content/StarterContent/Textures/T_Tech_Hex_Tile_N.uasset" 678
"Z:/Projects/Repos/TeamTeam/Unreal Project/LootingLooters/Content/StarterContent/Materials/M_Tech_Hex_Tile.uasset" 679
"Z:/Projects/Repos/TeamTeam/Unreal Project/LootingLooters/Content/StarterContent/Materials/M_Tech_Hex_Tile_Pulse.uasset" 680
"Z:/Projects/Repos/TeamTeam/Unreal Project/LootingLooters/Content/StarterContent/Textures/T_Tech_Panel_M.uasset" 681
"Z:/Projects/Repos/TeamTeam/Unreal Project/LootingLooters/Content/StarterContent/Textures/T_Tech_Panel_N.uasset" 682
"Z:/Projects/Repos/TeamTeam/Unreal Project/LootingLooters/Content/StarterContent/Materials/M_Tech_Panel.uasset" 683
"Z:/Projects/Repos/TeamTeam/Unreal Project/LootingLooters/Content/StarterContent/Materials/M_Water_Lake.uasset" 684
"Z:/Projects/Repos/TeamTeam/Unreal Project/LootingLooters/Content/StarterContent/Textures/T_Water_M.uasset" 685
"Z:/Projects/Repos/TeamTeam/Unreal Project/LootingLooters/Content/StarterContent/Materials/M_Water_Ocean.uasset" 686
"../../../Engine/Content/Functions/Engine_MaterialFunctions01/Opacity/AlphaOffset.uasset" 687
"Z:/Projects/Repos/TeamTeam/Unreal Project/LootingLooters/Content/StarterContent/Materials/M_Wood_Floor_Walnut_Worn.uasset" 688
"Z:/Projects/Repos/TeamTeam/Unreal Project/LootingLooters/Content/StarterContent/Textures/T_Wood_Oak_D.uasset" 689
"Z:/Projects/Repos/TeamTeam/Unreal Project/LootingLooters/Content/StarterContent/Textures/T_Wood_Oak_N.uasset" 690
"Z:/Projects/Repos/TeamTeam/Unreal Project/LootingLooters/Content/StarterContent/Materials/M_Wood_Oak.uasset" 691
"Z:/Projects/Repos/TeamTeam/Unreal Project/LootingLooters/Content/StarterContent/Textures/T_Wood_Pine_D.uasset" 692
"Z:/Projects/Repos/TeamTeam/Unreal Project/LootingLooters/Content/StarterContent/Textures/T_Wood_Pine_N.uasset" 693
"Z:/Projects/Repos/TeamTeam/Unreal Project/LootingLooters/Content/StarterContent/Materials/M_Wood_Pine.uasset" 694
"Z:/Projects/Repos/TeamTeam/Unreal Project/LootingLooters/Content/StarterContent/Textures/T_Wood_Walnut_D.uasset" 695
"Z:/Projects/Repos/TeamTeam/Unreal Project/LootingLooters/Content/StarterContent/Textures/T_Wood_Walnut_N.uasset" 696
"Z:/Projects/Repos/TeamTeam/Unreal Project/LootingLooters/Content/StarterContent/Materials/M_Wood_Walnut.uasset" 697
"Z:/Projects/Repos/TeamTeam/Unreal Project/LootingLooters/Content/StarterContent/Architecture/Wall_400x200.uasset" 698
"Z:/Projects/Repos/TeamTeam/Unreal Project/LootingLooters/Content/StarterContent/Architecture/Wall_Door_400x300.uasset" 699
"Z:/Projects/Repos/TeamTeam/Unreal Project/LootingLooters/Content/StarterContent/Architecture/Wall_Window_400x300.uasset" 700
"Z:/Projects/Repos/TeamTeam/Unreal Project/LootingLooters/Content/StarterContent/Audio/Collapse_Cue.uasset" 701
"Z:/Projects/Repos/TeamTeam/Unreal Project/LootingLooters/Content/StarterContent/Audio/Starter_Music_Cue.uasset" 702
"Z:/Projects/Repos/TeamTeam/Unreal Project/LootingLooters/Content/StarterContent/Textures/T_Dust_Particle_D.uasset" 703
"Z:/Projects/Repos/TeamTeam/Unreal Project/LootingLooters/Content/StarterContent/Particles/Materials/M_Dust_Particle.uasset" 704
"Z:/Projects/Repos/TeamTeam/Unreal Project/LootingLooters/Content/StarterContent/Particles/P_Ambient_Dust.uasset" 705
"Z:/Projects/Repos/TeamTeam/Unreal Project/LootingLooters/Content/StarterContent/Props/MaterialSphere.uasset" 706
"Z:/Projects/Repos/TeamTeam/Unreal Project/LootingLooters/Content/StarterContent/Props/SM_Chair.uasset" 707
"Z:/Projects/Repos/TeamTeam/Unreal Project/LootingLooters/Content/StarterContent/Textures/T_Frame_M.uasset" 708
"Z:/Projects/Repos/TeamTeam/Unreal Project/LootingLooters/Content/StarterContent/Textures/T_Frame_N.uasset" 709
"Z:/Projects/Repos/TeamTeam/Unreal Project/LootingLooters/Content/StarterContent/Props/Materials/M_Frame.uasset" 710
"Z:/Projects/Repos/TeamTeam/Unreal Project/LootingLooters/Content/StarterContent/Props/SM_CornerFrame.uasset" 711
"Z:/Projects/Repos/TeamTeam/Unreal Project/LootingLooters/Content/StarterContent/Props/SM_DoorFrame.uasset" 712
"Z:/Projects/Repos/TeamTeam/Unreal Project/LootingLooters/Content/StarterContent/Props/SM_GlassWindow.uasset" 713
"Z:/Projects/Repos/TeamTeam/Unreal Project/LootingLooters/Content/StarterContent/Props/SM_PillarFrame.uasset" 714
"Z:/Projects/Repos/TeamTeam/Unreal Project/LootingLooters/Content/StarterContent/Props/SM_PillarFrame300.uasset" 715
"Z:/Projects/Repos/TeamTeam/Unreal Project/LootingLooters/Content/StarterContent/Textures/T_Statue_M.uasset" 716
"Z:/Projects/Repos/TeamTeam/Unreal Project/LootingLooters/Content/StarterContent/Textures/T_Statue_N.uasset" 717
"Z:/Projects/Repos/TeamTeam/Unreal Project/LootingLooters/Content/StarterContent/Props/Materials/M_Statue.uasset" 718
"Z:/Projects/Repos/TeamTeam/Unreal Project/LootingLooters/Content/StarterContent/Props/Materials/M_StatueGlass.uasset" 719
"Z:/Projects/Repos/TeamTeam/Unreal Project/LootingLooters/Content/StarterContent/Props/SM_Statue.uasset" 720
"Z:/Projects/Repos/TeamTeam/Unreal Project/LootingLooters/Content/StarterContent/Textures/T_TableRound_M.uasset" 721
"Z:/Projects/Repos/TeamTeam/Unreal Project/LootingLooters/Content/StarterContent/Textures/T_TableRound_N.uasset" 722
"Z:/Projects/Repos/TeamTeam/Unreal Project/LootingLooters/Content/StarterContent/Props/Materials/M_TableRound.uasset" 723
"Z:/Projects/Repos/TeamTeam/Unreal Project/LootingLooters/Content/StarterContent/Props/SM_TableRound.uasset" 724
"Z:/Projects/Repos/TeamTeam/Unreal Project/LootingLooters/Content/StarterContent/Props/SM_WindowFrame.uasset" 725
"Z:/Projects/Repos/TeamTeam/Unreal Project/LootingLooters/Content/StarterContent/Shapes/Shape_Cube.uasset" 726
"Z:/Projects/Repos/TeamTeam/Unreal Project/LootingLooters/Content/StarterContent/Shapes/Shape_QuadPyramid.uasset" 727
"Z:/Projects/Repos/TeamTeam/Unreal Project/LootingLooters/Content/StarterContent/Maps/StarterMap.umap" 728
